97.05.12 21:06 B E:\Webshare\Wwwroot\ordering\cybermagic-asp\compatible-order.asp --> www.netaccess.co.nz /d:/netsecure/sslhtdocs/gamescape compatible-order.asp
97.05.12 21:14 B E:\Webshare\Wwwroot\ordering\cybermagic-asp\compatible-order.asp --> www.netaccess.co.nz /d:/netsecure/sslhtdocs/gamescape compatible-order.asp
97.05.13 22:50 B E:\Webshare\Wwwroot\ordering\cybermagic-asp\arrow.gif --> www.cybermagic.co.nz /r:/pages/gamescape/htdocs/ordering/cybermagic-asp arrow.gif
97.05.13 22:50 B E:\Webshare\Wwwroot\ordering\cybermagic-asp\cheque-order.asp --> www.cybermagic.co.nz /r:/pages/gamescape/htdocs/ordering/cybermagic-asp cheque-order.asp
97.05.13 22:50 B E:\Webshare\Wwwroot\ordering\cybermagic-asp\compatible-order.asp --> www.cybermagic.co.nz /r:/pages/gamescape/htdocs/ordering/cybermagic-asp compatible-order.asp
97.05.13 22:50 B E:\Webshare\Wwwroot\ordering\cybermagic-asp\game-choice.asp --> www.cybermagic.co.nz /r:/pages/gamescape/htdocs/ordering/cybermagic-asp game-choice.asp
97.05.13 22:50 B E:\Webshare\Wwwroot\ordering\cybermagic-asp\greatchoice.gif --> www.cybermagic.co.nz /r:/pages/gamescape/htdocs/ordering/cybermagic-asp greatchoice.gif
97.05.13 22:50 B E:\Webshare\Wwwroot\ordering\cybermagic-asp\hand_right.gif --> www.cybermagic.co.nz /r:/pages/gamescape/htdocs/ordering/cybermagic-asp hand_right.gif
97.05.13 22:50 B E:\Webshare\Wwwroot\ordering\cybermagic-asp\logo_sm.gif --> www.cybermagic.co.nz /r:/pages/gamescape/htdocs/ordering/cybermagic-asp logo_sm.gif
97.05.13 22:50 B E:\Webshare\Wwwroot\ordering\cybermagic-asp\tbank-order.asp --> www.cybermagic.co.nz /r:/pages/gamescape/htdocs/ordering/cybermagic-asp tbank-order.asp
97.05.13 22:50 B E:\Webshare\Wwwroot\ordering\cybermagic-asp\tilesm.gif --> www.cybermagic.co.nz /r:/pages/gamescape/htdocs/ordering/cybermagic-asp tilesm.gif
97.05.14 14:19 B E:\Webshare\Wwwroot\ordering\standard\arrow.gif --> www.cybermagic.co.nz /r:/pages/gamescape/htdocs/ordering/standard arrow.gif
97.05.14 14:19 B E:\Webshare\Wwwroot\ordering\standard\cheque-order.asp --> www.cybermagic.co.nz /r:/pages/gamescape/htdocs/ordering/standard cheque-order.asp
97.05.14 14:19 B E:\Webshare\Wwwroot\ordering\standard\compatible-order.asp --> www.cybermagic.co.nz /r:/pages/gamescape/htdocs/ordering/standard compatible-order.asp
97.05.14 14:19 B E:\Webshare\Wwwroot\ordering\standard\game-choice.asp --> www.cybermagic.co.nz /r:/pages/gamescape/htdocs/ordering/standard game-choice.asp
97.05.14 14:19 B E:\Webshare\Wwwroot\ordering\standard\greatchoice.gif --> www.cybermagic.co.nz /r:/pages/gamescape/htdocs/ordering/standard greatchoice.gif
97.05.14 14:19 B E:\Webshare\Wwwroot\ordering\standard\hand_right.gif --> www.cybermagic.co.nz /r:/pages/gamescape/htdocs/ordering/standard hand_right.gif
97.05.14 14:19 B E:\Webshare\Wwwroot\ordering\standard\logo_sm.gif --> www.cybermagic.co.nz /r:/pages/gamescape/htdocs/ordering/standard logo_sm.gif
97.05.14 14:20 B E:\Webshare\Wwwroot\ordering\standard\tbank-order.asp --> www.cybermagic.co.nz /r:/pages/gamescape/htdocs/ordering/standard tbank-order.asp
97.05.14 14:20 B E:\Webshare\Wwwroot\ordering\standard\tilesm.gif --> www.cybermagic.co.nz /r:/pages/gamescape/htdocs/ordering/standard tilesm.gif
97.05.14 19:25 B E:\Webshare\Wwwroot\ordering\standard\game-choice.asp --> www.cybermagic.co.nz /r:/pages/gamescape/htdocs/ordering/standard game-choice.asp
97.05.14 19:27 B E:\Webshare\Wwwroot\ordering\standard\cheque-order.asp --> www.cybermagic.co.nz /r:/pages/gamescape/htdocs/ordering/standard cheque-order.asp
97.05.14 19:30 B E:\Webshare\Wwwroot\ordering\standard\cheque-order.asp --> www.cybermagic.co.nz /r:/pages/gamescape/htdocs/ordering/standard cheque-order.asp
97.05.14 19:30 B E:\Webshare\Wwwroot\ordering\standard\tbank-order.asp --> www.cybermagic.co.nz /r:/pages/gamescape/htdocs/ordering/standard tbank-order.asp
97.05.14 19:31 B E:\Webshare\Wwwroot\ordering\standard\tbank-order.asp --> www.cybermagic.co.nz /r:/pages/gamescape/htdocs/ordering/standard tbank-order.asp
