96.12.08 13:44 B D:\FrontPage Webs\Content\media\acontrol.wav <-- sirius.plain.co.nz /usr/local/web/www.gamescape.co.nz/htdocs/media acontrol.wav
96.12.08 13:47 B D:\FrontPage Webs\Content\media\atmosphere.wav <-- sirius.plain.co.nz /usr/local/web/www.gamescape.co.nz/htdocs/media atmosphere.wav
96.12.08 13:48 B D:\FrontPage Webs\Content\media\background.wav <-- sirius.plain.co.nz /usr/local/web/www.gamescape.co.nz/htdocs/media background.wav
96.12.08 13:49 B D:\FrontPage Webs\Content\media\bolter_jam.wav <-- sirius.plain.co.nz /usr/local/web/www.gamescape.co.nz/htdocs/media bolter_jam.wav
96.12.08 13:49 B D:\FrontPage Webs\Content\media\brief.mid <-- sirius.plain.co.nz /usr/local/web/www.gamescape.co.nz/htdocs/media brief.mid
96.12.08 13:49 B D:\FrontPage Webs\Content\media\button.wav <-- sirius.plain.co.nz /usr/local/web/www.gamescape.co.nz/htdocs/media button.wav
96.12.08 13:54 B D:\FrontPage Webs\Content\media\c&c_jazz.wav <-- sirius.plain.co.nz /usr/local/web/www.gamescape.co.nz/htdocs/media c&c_jazz.wav
96.12.08 13:55 B D:\FrontPage Webs\Content\media\default.wav <-- sirius.plain.co.nz /usr/local/web/www.gamescape.co.nz/htdocs/media default.wav
96.12.08 13:57 B D:\FrontPage Webs\Content\media\dreaming.mid <-- sirius.plain.co.nz /usr/local/web/www.gamescape.co.nz/htdocs/media dreaming.mid
96.12.08 14:03 B D:\FrontPage Webs\Content\media\eerie.wav <-- sirius.plain.co.nz /usr/local/web/www.gamescape.co.nz/htdocs/media eerie.wav
96.12.08 14:09 B D:\FrontPage Webs\Content\media\flux2.wav <-- sirius.plain.co.nz /usr/local/web/www.gamescape.co.nz/htdocs/media flux2.wav
96.12.08 14:09 B D:\FrontPage Webs\Content\media\Goodtoseeu.wav <-- sirius.plain.co.nz /usr/local/web/www.gamescape.co.nz/htdocs/media Goodtoseeu.wav
96.12.08 14:11 B D:\FrontPage Webs\Content\media\lemmings2.mid <-- sirius.plain.co.nz /usr/local/web/www.gamescape.co.nz/htdocs/media lemmings2.mid
96.12.08 14:12 B D:\FrontPage Webs\Content\media\letsgo.wav <-- sirius.plain.co.nz /usr/local/web/www.gamescape.co.nz/htdocs/media letsgo.wav
96.12.08 14:14 B D:\FrontPage Webs\Content\media\materialize.wav <-- sirius.plain.co.nz /usr/local/web/www.gamescape.co.nz/htdocs/media materialize.wav
96.12.08 14:14 B D:\FrontPage Webs\Content\media\message.wav <-- sirius.plain.co.nz /usr/local/web/www.gamescape.co.nz/htdocs/media message.wav
96.12.08 14:15 B D:\FrontPage Webs\Content\media\noble.wav <-- sirius.plain.co.nz /usr/local/web/www.gamescape.co.nz/htdocs/media noble.wav
96.12.08 14:17 B D:\FrontPage Webs\Content\media\objectives.wav <-- sirius.plain.co.nz /usr/local/web/www.gamescape.co.nz/htdocs/media objectives.wav
96.12.08 14:17 B D:\FrontPage Webs\Content\media\oops.wav <-- sirius.plain.co.nz /usr/local/web/www.gamescape.co.nz/htdocs/media oops.wav
96.12.08 14:18 B D:\FrontPage Webs\Content\media\projector.wav <-- sirius.plain.co.nz /usr/local/web/www.gamescape.co.nz/htdocs/media projector.wav
96.12.08 14:18 B D:\FrontPage Webs\Content\media\readyandwaiting.wav <-- sirius.plain.co.nz /usr/local/web/www.gamescape.co.nz/htdocs/media readyandwaiting.wav
96.12.08 14:22 B D:\FrontPage Webs\Content\media\Reinforcements.wav <-- sirius.plain.co.nz /usr/local/web/www.gamescape.co.nz/htdocs/media Reinforcements.wav
96.12.08 14:22 B D:\FrontPage Webs\Content\media\sttng.mid <-- sirius.plain.co.nz /usr/local/web/www.gamescape.co.nz/htdocs/media sttng.mid
96.12.08 14:23 B D:\FrontPage Webs\Content\media\what_was_that.wav <-- sirius.plain.co.nz /usr/local/web/www.gamescape.co.nz/htdocs/media what_was_that.wav
