96.12.10 14:39 B D:\FrontPage Webs\Content\index.html --> sirius.plain.co.nz /usr/local/web/www.gamescape.co.nz/htdocs index.html
96.12.10 14:40 B D:\FrontPage Webs\Content\navtoolbar.htm --> sirius.plain.co.nz /usr/local/web/www.gamescape.co.nz/htdocs navtoolbar.htm
96.12.10 14:43 B D:\FrontPage Webs\Content\MDK_pr.htm --> sirius.plain.co.nz /usr/local/web/www.gamescape.co.nz/htdocs/images MDK_pr.htm
96.12.10 14:44 B D:\FrontPage Webs\Content\navtoolbar.htm --> sirius.plain.co.nz /usr/local/web/www.gamescape.co.nz/htdocs/images navtoolbar.htm
96.12.10 14:45 B D:\FrontPage Webs\Content\navbar-op.gif --> sirius.plain.co.nz /usr/local/web/www.gamescape.co.nz/htdocs/images navbar-op.gif
96.12.10 14:45 B D:\FrontPage Webs\Content\navbar-op.gif --> sirius.plain.co.nz /usr/local/web/www.gamescape.co.nz/htdocs navbar-op.gif
96.12.10 14:47 B D:\FrontPage Webs\Content\navtoolbar.htm --> sirius.plain.co.nz /usr/local/web/www.gamescape.co.nz/htdocs navtoolbar.htm
96.12.10 14:58 B D:\FrontPage Webs\Content\MDK_pr.htm --> sirius.plain.co.nz /usr/local/web/www.gamescape.co.nz/htdocs MDK_pr.htm
96.12.10 16:50 B D:\FrontPage Webs\Content\index.htm --> sirius.plain.co.nz /usr/local/web/www.gamescape.co.nz/htdocs index.htm
96.12.10 16:54 B D:\FrontPage Webs\Content\index.htm --> sirius.plain.co.nz /usr/local/web/www.gamescape.co.nz/htdocs index.htm
96.12.17 09:56 B D:\FrontPage Webs\Content\stg_pr.htm --> sirius.plain.co.nz /usr/local/web/www.gamescape.co.nz/htdocs stg_pr.htm
96.12.17 09:56 B D:\FrontPage Webs\Content\stg_sshts.htm --> sirius.plain.co.nz /usr/local/web/www.gamescape.co.nz/htdocs stg_sshts.htm
96.12.17 10:28 B D:\FrontPage Webs\Content\stg_mv.htm --> sirius.plain.co.nz /usr/local/web/www.gamescape.co.nz/htdocs stg_mv.htm
96.12.17 10:28 B D:\FrontPage Webs\Content\stg_pr.htm --> sirius.plain.co.nz /usr/local/web/www.gamescape.co.nz/htdocs stg_pr.htm
96.12.17 11:03 B D:\FrontPage Webs\Content\navtoolbar_single.htm --> sirius.plain.co.nz /usr/local/web/www.gamescape.co.nz/htdocs navtoolbar_single.htm
96.12.17 11:08 B D:\FrontPage Webs\Content\navtoolbar.htm --> sirius.plain.co.nz /usr/local/web/www.gamescape.co.nz/htdocs navtoolbar.htm
96.12.17 11:08 B D:\FrontPage Webs\Content\navtoolbar_single.htm --> sirius.plain.co.nz /usr/local/web/www.gamescape.co.nz/htdocs navtoolbar_single.htm
96.12.17 11:27 B D:\FrontPage Webs\Content\index.htm --> sirius.plain.co.nz /usr/local/web/www.gamescape.co.nz/htdocs index.htm
96.12.17 11:30 B D:\FrontPage Webs\Content\index.htm --> sirius.plain.co.nz /usr/local/web/www.gamescape.co.nz/htdocs/media index.htm
96.12.17 11:31 B D:\FrontPage Webs\Content\index.htm --> sirius.plain.co.nz /usr/local/web/www.gamescape.co.nz/htdocs index.htm
96.12.17 11:58 B D:\FrontPage Webs\Content\index.htm --> sirius.plain.co.nz /usr/local/web/www.gamescape.co.nz/htdocs index.htm
96.12.17 12:04 B D:\FrontPage Webs\Content\index.htm --> sirius.plain.co.nz /usr/local/web/www.gamescape.co.nz/htdocs index.htm
96.12.17 12:04 B D:\FrontPage Webs\Content\index.html --> sirius.plain.co.nz /usr/local/web/www.gamescape.co.nz/htdocs index.html
96.12.17 12:08 B D:\FrontPage Webs\Content\navtoolbar.htm --> sirius.plain.co.nz /usr/local/web/www.gamescape.co.nz/htdocs navtoolbar.htm
96.12.17 12:08 B D:\FrontPage Webs\Content\navtoolbar_single.htm --> sirius.plain.co.nz /usr/local/web/www.gamescape.co.nz/htdocs navtoolbar_single.htm
96.12.17 12:49 B D:\FrontPage Webs\Content\stg_pr.htm --> sirius.plain.co.nz /usr/local/web/www.gamescape.co.nz/htdocs stg_pr.htm
96.12.17 12:49 B D:\FrontPage Webs\Content\stg_sshts.htm --> sirius.plain.co.nz /usr/local/web/www.gamescape.co.nz/htdocs stg_sshts.htm
96.12.17 12:51 B D:\FrontPage Webs\Content\stg_pr.htm --> sirius.plain.co.nz /usr/local/web/www.gamescape.co.nz/htdocs stg_pr.htm
96.12.17 13:00 B D:\FrontPage Webs\Content\stg_mv.htm --> sirius.plain.co.nz /usr/local/web/www.gamescape.co.nz/htdocs stg_mv.htm
96.12.17 14:48 B D:\FrontPage Webs\Content\stg_mv.htm --> sirius.plain.co.nz /usr/local/web/www.gamescape.co.nz/htdocs stg_mv.htm
96.12.17 14:48 B D:\FrontPage Webs\Content\stg_pr.htm --> sirius.plain.co.nz /usr/local/web/www.gamescape.co.nz/htdocs stg_pr.htm
96.12.17 14:52 B D:\FrontPage Webs\Content\stg_sshts.htm --> sirius.plain.co.nz /usr/local/web/www.gamescape.co.nz/htdocs stg_sshts.htm
96.12.17 14:57 B D:\FrontPage Webs\Content\stg_sshts.htm --> sirius.plain.co.nz /usr/local/web/www.gamescape.co.nz/htdocs stg_sshts.htm
96.12.17 15:00 B D:\FrontPage Webs\Content\stg_pr.htm --> sirius.plain.co.nz /usr/local/web/www.gamescape.co.nz/htdocs stg_pr.htm
96.12.17 15:04 B D:\FrontPage Webs\Content\stg_pr.htm --> sirius.plain.co.nz /usr/local/web/www.gamescape.co.nz/htdocs stg_pr.htm
96.12.17 15:05 B D:\FrontPage Webs\Content\stg_sshts.htm --> sirius.plain.co.nz /usr/local/web/www.gamescape.co.nz/htdocs stg_sshts.htm
96.12.17 15:08 B D:\FrontPage Webs\Content\stg_pr.htm --> sirius.plain.co.nz /usr/local/web/www.gamescape.co.nz/htdocs stg_pr.htm
96.12.17 15:34 B D:\FrontPage Webs\Content\stg_mv.htm --> sirius.plain.co.nz /usr/local/web/www.gamescape.co.nz/htdocs stg_mv.htm
96.12.17 15:35 B D:\FrontPage Webs\Content\stg_pr.htm --> sirius.plain.co.nz /usr/local/web/www.gamescape.co.nz/htdocs stg_pr.htm
96.12.17 15:35 B D:\FrontPage Webs\Content\stg_sshts.htm --> sirius.plain.co.nz /usr/local/web/www.gamescape.co.nz/htdocs stg_sshts.htm
96.12.17 16:01 B D:\FrontPage Webs\Content\navtoolbar.htm --> sirius.plain.co.nz /usr/local/web/www.gamescape.co.nz/htdocs navtoolbar.htm
96.12.17 16:01 B D:\FrontPage Webs\Content\navtoolbar_single.htm --> sirius.plain.co.nz /usr/local/web/www.gamescape.co.nz/htdocs navtoolbar_single.htm
96.12.17 16:13 B D:\FrontPage Webs\Content\navtoolbar.htm --> sirius.plain.co.nz /usr/local/web/www.gamescape.co.nz/htdocs/images navtoolbar.htm
96.12.17 16:14 B D:\FrontPage Webs\Content\navtoolbar_single.htm --> sirius.plain.co.nz /usr/local/web/www.gamescape.co.nz/htdocs/images navtoolbar_single.htm
96.12.17 16:15 B D:\FrontPage Webs\Content\popwincode.htm --> sirius.plain.co.nz /usr/local/web/www.gamescape.co.nz/htdocs/images popwincode.htm
96.12.17 16:24 B D:\FrontPage Webs\Content\navtoolbar.htm --> sirius.plain.co.nz /usr/local/web/www.gamescape.co.nz/htdocs navtoolbar.htm
96.12.17 16:24 B D:\FrontPage Webs\Content\navtoolbar_single.htm --> sirius.plain.co.nz /usr/local/web/www.gamescape.co.nz/htdocs navtoolbar_single.htm
96.12.17 16:24 B D:\FrontPage Webs\Content\popwincode.htm --> sirius.plain.co.nz /usr/local/web/www.gamescape.co.nz/htdocs popwincode.htm
96.12.17 16:25 B D:\FrontPage Webs\Content\stg_mv.htm --> sirius.plain.co.nz /usr/local/web/www.gamescape.co.nz/htdocs stg_mv.htm
96.12.17 16:25 B D:\FrontPage Webs\Content\stg_pr.htm --> sirius.plain.co.nz /usr/local/web/www.gamescape.co.nz/htdocs stg_pr.htm
96.12.17 16:25 B D:\FrontPage Webs\Content\stg_sshts.htm --> sirius.plain.co.nz /usr/local/web/www.gamescape.co.nz/htdocs stg_sshts.htm
96.12.17 16:38 B D:\FrontPage Webs\Content\aeon_pr.htm --> sirius.plain.co.nz /usr/local/web/www.gamescape.co.nz/htdocs aeon_pr.htm
96.12.17 22:25 B D:\FrontPage Webs\Content\popwincode.htm --> sirius.plain.co.nz /usr/local/web/www.gamescape.co.nz/htdocs popwincode.htm
96.12.18 13:11 B D:\FrontPage Webs\Content\badmojo_mv.htm --> sirius.plain.co.nz /usr/local/web/www.gamescape.co.nz/htdocs badmojo_mv.htm
96.12.18 13:52 B D:\FrontPage Webs\Content\badmojo_mv.htm <-- sirius.plain.co.nz /usr/local/web/www.gamescape.co.nz/htdocs badmojo_mv.htm
96.12.18 19:26 B D:\FrontPage Webs\Content\badmojo_mv.htm --> sirius.plain.co.nz /usr/local/web/www.gamescape.co.nz/htdocs badmojo_mv.htm
96.12.18 19:27 B D:\FrontPage Webs\Content\badmojo_popup.htm --> sirius.plain.co.nz /usr/local/web/www.gamescape.co.nz/htdocs badmojo_popup.htm
96.12.18 19:27 B D:\FrontPage Webs\Content\badmojo_pr.htm --> sirius.plain.co.nz /usr/local/web/www.gamescape.co.nz/htdocs badmojo_pr.htm
96.12.18 19:27 B D:\FrontPage Webs\Content\popwincode.htm --> sirius.plain.co.nz /usr/local/web/www.gamescape.co.nz/htdocs popwincode.htm
96.12.19 17:36 B D:\FrontPage Webs\Content\navtoolbar_standalone.htm --> sirius.plain.co.nz /usr/local/web/www.gamescape.co.nz/htdocs navtoolbar_standalone.htm
96.12.19 17:39 B D:\FrontPage Webs\Content\popwincode.htm --> sirius.plain.co.nz /usr/local/web/www.gamescape.co.nz/htdocs popwincode.htm
96.12.19 17:45 B D:\FrontPage Webs\Content\navtoolbar_standalone.htm --> sirius.plain.co.nz /usr/local/web/www.gamescape.co.nz/htdocs navtoolbar_standalone.htm
96.12.19 17:46 B D:\FrontPage Webs\Content\popwincode.htm --> sirius.plain.co.nz /usr/local/web/www.gamescape.co.nz/htdocs popwincode.htm
96.12.19 17:50 B D:\FrontPage Webs\Content\popwincode.htm --> sirius.plain.co.nz /usr/local/web/www.gamescape.co.nz/htdocs popwincode.htm
96.12.19 18:21 B D:\FrontPage Webs\Content\navtoolbar_standalone.htm --> sirius.plain.co.nz /usr/local/web/www.gamescape.co.nz/htdocs navtoolbar_standalone.htm
96.12.20 00:02 B D:\FrontPage Webs\Content\aeon_pr.htm --> sirius.plain.co.nz /usr/local/web/www.gamescape.co.nz/htdocs aeon_pr.htm
96.12.20 00:02 B D:\FrontPage Webs\Content\home.htm --> sirius.plain.co.nz /usr/local/web/www.gamescape.co.nz/htdocs home.htm
96.12.20 00:02 B D:\FrontPage Webs\Content\index.htm --> sirius.plain.co.nz /usr/local/web/www.gamescape.co.nz/htdocs index.htm
96.12.20 00:02 B D:\FrontPage Webs\Content\index.html --> sirius.plain.co.nz /usr/local/web/www.gamescape.co.nz/htdocs index.html
96.12.20 00:13 B D:\FrontPage Webs\Content\navtoolbar_standalone.htm --> sirius.plain.co.nz /usr/local/web/www.gamescape.co.nz/htdocs navtoolbar_standalone.htm
96.12.20 00:35 B D:\FrontPage Webs\Content\embednavcode.htm --> sirius.plain.co.nz /usr/local/web/www.gamescape.co.nz/htdocs embednavcode.htm
96.12.20 00:36 B D:\FrontPage Webs\Content\navtoolbar.htm --> sirius.plain.co.nz /usr/local/web/www.gamescape.co.nz/htdocs navtoolbar.htm
96.12.20 00:36 B D:\FrontPage Webs\Content\navtoolbar_iconcode.htm --> sirius.plain.co.nz /usr/local/web/www.gamescape.co.nz/htdocs navtoolbar_iconcode.htm
96.12.20 00:36 B D:\FrontPage Webs\Content\navtoolbar_standalone.htm --> sirius.plain.co.nz /usr/local/web/www.gamescape.co.nz/htdocs navtoolbar_standalone.htm
96.12.20 00:36 B D:\FrontPage Webs\Content\standalonenavcode.htm --> sirius.plain.co.nz /usr/local/web/www.gamescape.co.nz/htdocs standalonenavcode.htm
96.12.20 00:38 B D:\FrontPage Webs\Content\home.htm --> sirius.plain.co.nz /usr/local/web/www.gamescape.co.nz/htdocs home.htm
96.12.20 00:52 B D:\FrontPage Webs\Content\orders.htm --> sirius.plain.co.nz /usr/local/web/www.gamescape.co.nz/htdocs orders.htm
96.12.20 00:52 B D:\FrontPage Webs\Content\orders2.htm --> sirius.plain.co.nz /usr/local/web/www.gamescape.co.nz/htdocs orders2.htm
96.12.20 00:52 B D:\FrontPage Webs\Content\orders2TELE-newuser.htm --> sirius.plain.co.nz /usr/local/web/www.gamescape.co.nz/htdocs orders2TELE-newuser.htm
96.12.20 00:52 B D:\FrontPage Webs\Content\orders2TELE.htm --> sirius.plain.co.nz /usr/local/web/www.gamescape.co.nz/htdocs orders2TELE.htm
96.12.20 00:52 B D:\FrontPage Webs\Content\purchase_confirmation.htm --> sirius.plain.co.nz /usr/local/web/www.gamescape.co.nz/htdocs purchase_confirmation.htm
96.12.20 00:53 B D:\FrontPage Webs\Content\whysafe.htm --> sirius.plain.co.nz /usr/local/web/www.gamescape.co.nz/htdocs whysafe.htm
96.12.20 00:53 B D:\FrontPage Webs\Content\whysafe2.htm --> sirius.plain.co.nz /usr/local/web/www.gamescape.co.nz/htdocs whysafe2.htm
96.12.20 01:13 B D:\FrontPage Webs\Content\navtoolbar.htm --> sirius.plain.co.nz /usr/local/web/www.gamescape.co.nz/htdocs navtoolbar.htm
96.12.20 01:38 B D:\FrontPage Webs\Content\descriptions.htm --> sirius.plain.co.nz /usr/local/web/www.gamescape.co.nz/htdocs descriptions.htm
96.12.20 01:38 B D:\FrontPage Webs\Content\downloads.htm --> sirius.plain.co.nz /usr/local/web/www.gamescape.co.nz/htdocs downloads.htm
96.12.20 01:38 B D:\FrontPage Webs\Content\gamelist.htm --> sirius.plain.co.nz /usr/local/web/www.gamescape.co.nz/htdocs gamelist.htm
96.12.20 01:38 B D:\FrontPage Webs\Content\home.htm --> sirius.plain.co.nz /usr/local/web/www.gamescape.co.nz/htdocs home.htm
96.12.20 01:38 B D:\FrontPage Webs\Content\reviews.htm --> sirius.plain.co.nz /usr/local/web/www.gamescape.co.nz/htdocs reviews.htm
96.12.20 01:38 B D:\FrontPage Webs\Content\tickercode.htm --> sirius.plain.co.nz /usr/local/web/www.gamescape.co.nz/htdocs tickercode.htm
96.12.20 01:38 B D:\FrontPage Webs\Content\utilities-plugs.htm --> sirius.plain.co.nz /usr/local/web/www.gamescape.co.nz/htdocs utilities-plugs.htm
96.12.20 01:38 B D:\FrontPage Webs\Content\whatsnew.htm --> sirius.plain.co.nz /usr/local/web/www.gamescape.co.nz/htdocs whatsnew.htm
96.12.20 02:49 B D:\FrontPage Webs\Content\navtoolbar_iconcode.htm --> sirius.plain.co.nz /usr/local/web/www.gamescape.co.nz/htdocs navtoolbar_iconcode.htm
96.12.20 02:49 B D:\FrontPage Webs\Content\orders.htm --> sirius.plain.co.nz /usr/local/web/www.gamescape.co.nz/htdocs orders.htm
96.12.20 03:18 B D:\FrontPage Webs\Content\diablo_pr.htm --> sirius.plain.co.nz /usr/local/web/www.gamescape.co.nz/htdocs diablo_pr.htm
96.12.20 03:18 B D:\FrontPage Webs\Content\navtoolbar_iconcode.htm --> sirius.plain.co.nz /usr/local/web/www.gamescape.co.nz/htdocs navtoolbar_iconcode.htm
96.12.20 03:18 B D:\FrontPage Webs\Content\rogue.htm --> sirius.plain.co.nz /usr/local/web/www.gamescape.co.nz/htdocs rogue.htm
96.12.20 03:18 B D:\FrontPage Webs\Content\sorcerer.htm --> sirius.plain.co.nz /usr/local/web/www.gamescape.co.nz/htdocs sorcerer.htm
96.12.20 03:18 B D:\FrontPage Webs\Content\warrior.htm --> sirius.plain.co.nz /usr/local/web/www.gamescape.co.nz/htdocs warrior.htm
96.12.20 03:18 B D:\FrontPage Webs\Content\orders.htm --> sirius.plain.co.nz /usr/local/web/www.gamescape.co.nz/htdocs orders.htm
96.12.20 03:20 B D:\FrontPage Webs\Content\navtoolbar.htm --> sirius.plain.co.nz /usr/local/web/www.gamescape.co.nz/htdocs navtoolbar.htm
96.12.20 03:20 B D:\FrontPage Webs\Content\navtoolbar_iconcode.htm --> sirius.plain.co.nz /usr/local/web/www.gamescape.co.nz/htdocs navtoolbar_iconcode.htm
96.12.20 03:20 B D:\FrontPage Webs\Content\navtoolbar_standalone.htm --> sirius.plain.co.nz /usr/local/web/www.gamescape.co.nz/htdocs navtoolbar_standalone.htm
96.12.20 14:12 B D:\FrontPage Webs\Content\aeon_pr.htm --> sirius.plain.co.nz /usr/local/web/www.gamescape.co.nz/htdocs aeon_pr.htm
96.12.20 14:12 B D:\FrontPage Webs\Content\navtoolbar_iconcode.htm --> sirius.plain.co.nz /usr/local/web/www.gamescape.co.nz/htdocs navtoolbar_iconcode.htm
96.12.20 14:43 B D:\FrontPage Webs\Content\navtoolbar_iconcode.htm --> sirius.plain.co.nz /usr/local/web/www.gamescape.co.nz/htdocs navtoolbar_iconcode.htm
96.12.20 14:45 B D:\FrontPage Webs\Content\navtoolbar_iconcode.htm --> sirius.plain.co.nz /usr/local/web/www.gamescape.co.nz/htdocs navtoolbar_iconcode.htm
96.12.23 19:44 B D:\FrontPage Webs\Content\index.html --> sirius.plain.co.nz /usr/local/web/www.gamescape.co.nz/htdocs index.html
96.12.23 19:46 B D:\FrontPage Webs\Content\index.htm --> sirius.plain.co.nz /usr/local/web/www.gamescape.co.nz/htdocs index.htm
97.01.26 21:03 B D:\FrontPage Webs\Content\index.html --> sirius.plain.co.nz /usr/local/web/www.gamescape.co.nz/htdocs index.html
97.01.26 21:08 B D:\FrontPage Webs\Content\index.html --> sirius.plain.co.nz /usr/local/web/www.gamescape.co.nz/htdocs index.html
97.01.30 12:15 B D:\FrontPage Webs\Content\bmojo_local.htm --> sirius.plain.co.nz /usr/local/web/www.gamescape.co.nz/htdocs bmojo_local.htm
97.01.30 12:57 B D:\FrontPage Webs\Content\index.htm --> sirius.plain.co.nz /usr/local/web/www.gamescape.co.nz/htdocs index.htm
97.01.30 12:58 B D:\FrontPage Webs\Content\index.html --> sirius.plain.co.nz /usr/local/web/www.gamescape.co.nz/htdocs index.html
97.02.04 17:44 B D:\FrontPage Webs\Content\order_test.htm --> sirius.plain.co.nz /usr/local/web/www.gamescape.co.nz/htdocs order_test.htm
97.02.14 18:23 B C:\Webshare\WWWROOT\gamescape --> sirius.plain.co.nz /usr/local/web/www.gamescape.co.nz/htdocs/cgi-bin gamescape
97.02.14 18:24 B C:\Webshare\WWWROOT\order_test.htm --> sirius.plain.co.nz /usr/local/web/www.gamescape.co.nz/htdocs order_test.htm
97.02.16 16:32 B C:\Webshare\Wwwroot\index.html --> sirius.plain.co.nz /usr/local/web/www.gamescape.co.nz/htdocs index.html
97.03.21 11:58 B E:\WEBSHARE\WWWROOT\order.asp --> www.netaccess.co.nz /d:/netsecure/sslhtdocs/gamescape order.asp
97.03.21 12:05 B E:\Webshare\Wwwroot\orders_proc_method.htm --> sirius.plain.co.nz /usr/local/web/www.gamescape.co.nz/htdocs orders_proc_method.htm
97.03.24 10:43 B E:\Webshare\Wwwroot\home.htm --> sirius.plain.co.nz /usr/local/web/www.gamescape.co.nz/htdocs home.htm
97.03.24 10:55 B E:\Webshare\Wwwroot\home.htm --> sirius.plain.co.nz /usr/local/web/www.gamescape.co.nz/htdocs home.htm
97.03.25 18:51 B E:\Webshare\Wwwroot\orders_proc_method.htm --> sirius.plain.co.nz /usr/local/web/www.gamescape.co.nz/htdocs orders_proc_method.htm
97.03.25 19:06 B E:\Webshare\Wwwroot\orders_proc_method.htm --> sirius.plain.co.nz /usr/local/web/www.gamescape.co.nz/htdocs orders_proc_method.htm
97.03.26 15:37 B E:\Webshare\Wwwroot\home.htm --> sirius.plain.co.nz /usr/local/web/www.gamescape.co.nz/htdocs home.htm
97.03.27 20:06 B E:\Webshare\Wwwroot\home.htm --> sirius.plain.co.nz /usr/local/web/www.gamescape.co.nz/htdocs home.htm
97.03.27 20:06 B E:\Webshare\Wwwroot\tim.htm --> sirius.plain.co.nz /usr/local/web/www.gamescape.co.nz/htdocs tim.htm
97.03.27 20:06 B E:\Webshare\Wwwroot\tim2.htm --> sirius.plain.co.nz /usr/local/web/www.gamescape.co.nz/htdocs tim2.htm
97.03.27 20:08 B E:\Webshare\Wwwroot\home.htm --> sirius.plain.co.nz /usr/local/web/www.gamescape.co.nz/htdocs home.htm
97.03.27 20:18 B E:\Webshare\Wwwroot\tim2.htm --> sirius.plain.co.nz /usr/local/web/www.gamescape.co.nz/htdocs tim2.htm
97.03.27 20:25 B E:\Webshare\Wwwroot\tim2.htm --> sirius.plain.co.nz /usr/local/web/www.gamescape.co.nz/htdocs tim2.htm
97.03.27 20:56 B E:\Webshare\Wwwroot\tim.htm --> sirius.plain.co.nz /usr/local/web/www.gamescape.co.nz/htdocs tim.htm
97.03.27 20:56 B E:\Webshare\Wwwroot\tim2.htm --> sirius.plain.co.nz /usr/local/web/www.gamescape.co.nz/htdocs tim2.htm
97.03.27 21:13 B E:\Webshare\Wwwroot\tim.htm --> sirius.plain.co.nz /usr/local/web/www.gamescape.co.nz/htdocs tim.htm
97.04.05 05:19 B E:\Webshare\Wwwroot\home.htm --> sirius.plain.co.nz /usr/local/web/www.gamescape.co.nz/htdocs home.htm
97.05.25 15:15 B E:\Webshare\Wwwroot\gamelist_frames.htm <-- sirius.plain.co.nz /usr/local/web/www.gamescape.co.nz/htdocs gamelist_frames.htm
