97.03.21 13:23 B E:\WEBSHARE\WWWROOT\ordering\order.asp --> www.netaccess.co.nz /d:/netsecure/sslhtdocs/gamescape order.asp
97.03.21 13:23 B E:\WEBSHARE\WWWROOT\ordering\order2.asp --> www.netaccess.co.nz /d:/netsecure/sslhtdocs/gamescape order2.asp
97.03.21 13:31 B E:\WEBSHARE\WWWROOT\ordering\order.asp --> www.netaccess.co.nz /d:/netsecure/sslhtdocs/gamescape order.asp
97.03.21 13:31 B E:\WEBSHARE\WWWROOT\ordering\order2.asp --> www.netaccess.co.nz /d:/netsecure/sslhtdocs/gamescape order2.asp
97.03.21 15:25 B E:\WEBSHARE\WWWROOT\ordering\order_mwtest.asp --> www.netaccess.co.nz /d:/netsecure/sslhtdocs/gamescape order_mwtest.asp
97.03.21 15:27 B E:\WEBSHARE\WWWROOT\ordering\order_mwtest.asp --> www.netaccess.co.nz /d:/netsecure/sslhtdocs/gamescape order_mwtest.asp
97.03.21 15:28 B E:\WEBSHARE\WWWROOT\ordering\order_mwtest.asp --> www.netaccess.co.nz /d:/netsecure/sslhtdocs/gamescape order_mwtest.asp
97.03.21 15:34 B E:\WEBSHARE\WWWROOT\ordering\order.asp --> www.netaccess.co.nz /d:/netsecure/sslhtdocs/gamescape order.asp
97.03.21 15:34 B E:\WEBSHARE\WWWROOT\ordering\order2.asp --> www.netaccess.co.nz /d:/netsecure/sslhtdocs/gamescape order2.asp
97.03.21 15:43 B E:\Webshare\Wwwroot\ordering\order.asp --> www.netaccess.co.nz /d:/netsecure/sslhtdocs/gamescape order.asp
97.03.22 13:36 B E:\Webshare\Wwwroot\ordering\method1.asp --> www.netaccess.co.nz /d:/netsecure/sslhtdocs/gamescape method1.asp
97.03.22 13:36 B E:\Webshare\Wwwroot\ordering\method1_b.asp --> www.netaccess.co.nz /d:/netsecure/sslhtdocs/gamescape method1_b.asp
97.03.22 18:36 B E:\Webshare\Wwwroot\ordering\order.asp --> www.netaccess.co.nz /d:/netsecure/sslhtdocs/gamescape order.asp
97.03.23 00:45 B E:\Webshare\Wwwroot\ordering\orders_testdrives.htm --> sirius.plain.co.nz /usr/local/web/www.gamescape.co.nz/htdocs/ordering orders_testdrives.htm
97.03.23 01:00 B E:\Webshare\Wwwroot\ordering\method3_tbank.htm --> sirius.plain.co.nz /usr/local/web/www.gamescape.co.nz/htdocs/ordering method3_tbank.htm
97.03.23 01:09 B E:\Webshare\Wwwroot\ordering\method2.htm --> sirius.plain.co.nz /usr/local/web/www.gamescape.co.nz/htdocs/ordering method2.htm
97.03.23 01:09 B E:\Webshare\Wwwroot\ordering\method3_cheq.htm --> sirius.plain.co.nz /usr/local/web/www.gamescape.co.nz/htdocs/ordering method3_cheq.htm
97.03.23 01:09 B E:\Webshare\Wwwroot\ordering\method3_tbank.htm --> sirius.plain.co.nz /usr/local/web/www.gamescape.co.nz/htdocs/ordering method3_tbank.htm
97.03.23 01:18 B E:\Webshare\Wwwroot\ordering\orders_proc_thanks.htm --> sirius.plain.co.nz /usr/local/web/www.gamescape.co.nz/htdocs/ordering orders_proc_thanks.htm
97.03.23 01:18 B E:\Webshare\Wwwroot\ordering\orders_proc_thanks.htm --> sirius.plain.co.nz /usr/local/web/www.gamescape.co.nz/htdocs/ordering orders_proc_thanks.htm
97.03.23 01:24 B E:\Webshare\Wwwroot\ordering\orders_proc_thanks.htm --> sirius.plain.co.nz /usr/local/web/www.gamescape.co.nz/htdocs/ordering orders_proc_thanks.htm
97.03.23 01:24 B E:\Webshare\Wwwroot\ordering\shipping.htm --> sirius.plain.co.nz /usr/local/web/www.gamescape.co.nz/htdocs/ordering shipping.htm
97.03.23 01:24 B E:\Webshare\Wwwroot\ordering\shipping_b.htm --> sirius.plain.co.nz /usr/local/web/www.gamescape.co.nz/htdocs/ordering shipping_b.htm
97.03.23 01:27 B E:\Webshare\Wwwroot\ordering\orders_testdrives.htm --> sirius.plain.co.nz /usr/local/web/www.gamescape.co.nz/htdocs/ordering orders_testdrives.htm
97.03.24 11:19 B E:\Webshare\Wwwroot\ordering\method2.htm --> sirius.plain.co.nz /usr/local/web/www.gamescape.co.nz/htdocs/ordering method2.htm
97.03.24 11:30 B E:\Webshare\Wwwroot\ordering\method2.htm --> sirius.plain.co.nz /usr/local/web/www.gamescape.co.nz/htdocs/ordering method2.htm
97.03.24 11:37 B E:\Webshare\Wwwroot\ordering\method2.htm --> sirius.plain.co.nz /usr/local/web/www.gamescape.co.nz/htdocs/ordering method2.htm
97.03.25 18:45 B E:\Webshare\Wwwroot\ordering\order.htm --> www.netaccess.co.nz /d:/netsecure/sslhtdocs/gamescape order.htm
97.03.25 18:46 B E:\Webshare\Wwwroot\ordering\order.asp --> www.netaccess.co.nz /d:/netsecure/sslhtdocs/gamescape order.asp
97.03.25 18:52 B E:\Webshare\Wwwroot\ordering\order.asp --> www.netaccess.co.nz /d:/netsecure/sslhtdocs/gamescape order.asp
97.03.25 18:52 B E:\Webshare\Wwwroot\ordering\order.htm --> www.netaccess.co.nz /d:/netsecure/sslhtdocs/gamescape order.htm
97.03.25 18:54 B E:\Webshare\Wwwroot\ordering\method2.htm --> sirius.plain.co.nz /usr/local/web/www.gamescape.co.nz/htdocs/ordering method2.htm
97.03.25 18:55 B E:\Webshare\Wwwroot\ordering\method3_cheq.htm --> sirius.plain.co.nz /usr/local/web/www.gamescape.co.nz/htdocs/ordering method3_cheq.htm
97.03.25 18:56 B E:\Webshare\Wwwroot\ordering\method3_tbank.htm --> sirius.plain.co.nz /usr/local/web/www.gamescape.co.nz/htdocs/ordering method3_tbank.htm
97.03.25 19:02 B E:\Webshare\Wwwroot\ordering\method2.htm --> sirius.plain.co.nz /usr/local/web/www.gamescape.co.nz/htdocs/ordering method2.htm
97.03.25 19:03 B E:\Webshare\Wwwroot\ordering\method3_cheq.htm --> sirius.plain.co.nz /usr/local/web/www.gamescape.co.nz/htdocs/ordering method3_cheq.htm
97.03.25 19:04 B E:\Webshare\Wwwroot\ordering\method3_tbank.htm --> sirius.plain.co.nz /usr/local/web/www.gamescape.co.nz/htdocs/ordering method3_tbank.htm
97.03.25 19:08 B E:\Webshare\Wwwroot\ordering\order.asp --> www.netaccess.co.nz /d:/netsecure/sslhtdocs/gamescape order.asp
97.03.25 19:08 B E:\Webshare\Wwwroot\ordering\order.htm --> www.netaccess.co.nz /d:/netsecure/sslhtdocs/gamescape order.htm
97.03.27 22:08 B E:\Webshare\Wwwroot\ordering\order.htm --> www.netaccess.co.nz /d:/netsecure/sslhtdocs/gamescape order.htm
97.04.06 23:58 B E:\Webshare\Wwwroot\ordering\email_confirmation.htm --> www.netaccess.co.nz /d:/netsecure/sslhtdocs/gamescape email_confirmation.htm
97.04.07 00:03 B E:\Webshare\Wwwroot\ordering\email_confirmation.htm --> www.netaccess.co.nz /d:/netsecure/sslhtdocs/gamescape email_confirmation.htm
97.04.07 00:04 B E:\Webshare\Wwwroot\ordering\email_confirmation.htm --> www.netaccess.co.nz /d:/netsecure/sslhtdocs/gamescape email_confirmation.htm
97.04.07 00:17 B E:\Webshare\Wwwroot\ordering\email_confirmation.htm --> www.netaccess.co.nz /d:/netsecure/sslhtdocs/gamescape email_confirmation.htm
97.04.07 00:19 B E:\Webshare\Wwwroot\ordering\email_confirmation.htm --> www.netaccess.co.nz /d:/netsecure/sslhtdocs/gamescape email_confirmation.htm
97.04.17 23:06 B E:\Webshare\Wwwroot\ordering\method2.htm --> www.netaccess.co.nz /d:/netsecure/sslhtdocs/gamescape method2.htm
97.04.18 22:56 B E:\Webshare\Wwwroot\ordering\method2.htm --> sirius.plain.co.nz /usr/local/web/www.gamescape.co.nz/htdocs/ordering method2.htm
97.04.18 22:56 B E:\Webshare\Wwwroot\ordering\method3_cheq.htm --> sirius.plain.co.nz /usr/local/web/www.gamescape.co.nz/htdocs/ordering method3_cheq.htm
97.04.18 22:56 B E:\Webshare\Wwwroot\ordering\method3_tbank.htm --> sirius.plain.co.nz /usr/local/web/www.gamescape.co.nz/htdocs/ordering method3_tbank.htm
97.04.18 23:28 B E:\Webshare\Wwwroot\ordering\orders_proc_thanks.htm --> sirius.plain.co.nz /usr/local/web/www.gamescape.co.nz/htdocs/ordering orders_proc_thanks.htm
97.04.18 23:30 B E:\Webshare\Wwwroot\ordering\order.htm --> www.netaccess.co.nz /d:/netsecure/sslhtdocs/gamescape order.htm
97.04.18 23:30 B E:\Webshare\Wwwroot\ordering\method2.htm --> www.netaccess.co.nz /d:/netsecure/sslhtdocs/gamescape method2.htm
97.04.22 19:22 B E:\Webshare\Wwwroot\ordering\method3_cheq.htm --> sirius.plain.co.nz /usr/local/web/www.gamescape.co.nz/htdocs/ordering method3_cheq.htm
97.04.22 19:22 B E:\Webshare\Wwwroot\ordering\method3_tbank.htm --> sirius.plain.co.nz /usr/local/web/www.gamescape.co.nz/htdocs/ordering method3_tbank.htm
