96.12.08 14:33 B D:\FrontPage Webs\Content\media\movies\badmojo.viv <-- sirius.plain.co.nz /usr/local/web/www.gamescape.co.nz/htdocs/media/movies badmojo.viv
96.12.08 14:35 B D:\FrontPage Webs\Content\media\movies\blast.viv <-- sirius.plain.co.nz /usr/local/web/www.gamescape.co.nz/htdocs/media/movies blast.viv
96.12.08 15:06 B D:\FrontPage Webs\Content\media\movies\c&c-demo.viv <-- sirius.plain.co.nz /usr/local/web/www.gamescape.co.nz/htdocs/media/movies c&c-demo.viv
96.12.08 15:14 B D:\FrontPage Webs\Content\media\movies\destroy.viv <-- sirius.plain.co.nz /usr/local/web/www.gamescape.co.nz/htdocs/media/movies destroy.viv
96.12.08 15:23 B D:\FrontPage Webs\Content\media\movies\duke-d.viv <-- sirius.plain.co.nz /usr/local/web/www.gamescape.co.nz/htdocs/media/movies duke-d.viv
96.12.08 15:24 B D:\FrontPage Webs\Content\media\movies\fsintro2.viv <-- sirius.plain.co.nz /usr/local/web/www.gamescape.co.nz/htdocs/media/movies fsintro2.viv
96.12.08 15:25 B D:\FrontPage Webs\Content\media\movies\fsintro3.viv <-- sirius.plain.co.nz /usr/local/web/www.gamescape.co.nz/htdocs/media/movies fsintro3.viv
96.12.08 15:27 B D:\FrontPage Webs\Content\media\movies\fsintro4.viv <-- sirius.plain.co.nz /usr/local/web/www.gamescape.co.nz/htdocs/media/movies fsintro4.viv
96.12.08 15:30 B D:\FrontPage Webs\Content\media\movies\fsintro5.viv <-- sirius.plain.co.nz /usr/local/web/www.gamescape.co.nz/htdocs/media/movies fsintro5.viv
96.12.08 15:31 B D:\FrontPage Webs\Content\media\movies\FSSPLASH.viv <-- sirius.plain.co.nz /usr/local/web/www.gamescape.co.nz/htdocs/media/movies FSSPLASH.viv
96.12.08 15:33 B D:\FrontPage Webs\Content\media\movies\fssplash2.viv <-- sirius.plain.co.nz /usr/local/web/www.gamescape.co.nz/htdocs/media/movies fssplash2.viv
96.12.08 15:36 B D:\FrontPage Webs\Content\media\movies\hover.viv <-- sirius.plain.co.nz /usr/local/web/www.gamescape.co.nz/htdocs/media/movies hover.viv
96.12.08 15:40 B D:\FrontPage Webs\Content\media\movies\klignons.viv <-- sirius.plain.co.nz /usr/local/web/www.gamescape.co.nz/htdocs/media/movies klignons.viv
96.12.08 15:53 B D:\FrontPage Webs\Content\media\movies\quake-d.viv <-- sirius.plain.co.nz /usr/local/web/www.gamescape.co.nz/htdocs/media/movies quake-d.viv
96.12.08 16:15 B D:\FrontPage Webs\Content\media\movies\quake-d2.viv <-- sirius.plain.co.nz /usr/local/web/www.gamescape.co.nz/htdocs/media/movies quake-d2.viv
96.12.08 16:25 B D:\FrontPage Webs\Content\media\movies\st-long.viv <-- sirius.plain.co.nz /usr/local/web/www.gamescape.co.nz/htdocs/media/movies st-long.viv
96.12.08 16:28 B D:\FrontPage Webs\Content\media\movies\starwars.viv <-- sirius.plain.co.nz /usr/local/web/www.gamescape.co.nz/htdocs/media/movies starwars.viv
96.12.08 16:33 B D:\FrontPage Webs\Content\media\movies\sttng_g_sm.viv <-- sirius.plain.co.nz /usr/local/web/www.gamescape.co.nz/htdocs/media/movies sttng_g_sm.viv
96.12.08 16:55 B D:\FrontPage Webs\Content\media\movies\tfs-d.viv <-- sirius.plain.co.nz /usr/local/web/www.gamescape.co.nz/htdocs/media/movies tfs-d.viv
96.12.08 17:01 B D:\FrontPage Webs\Content\media\movies\tour_slt.viv <-- sirius.plain.co.nz /usr/local/web/www.gamescape.co.nz/htdocs/media/movies tour_slt.viv
96.12.20 14:19 B D:\FrontPage Webs\Content\media\movies\aeon_clip.viv --> sirius.plain.co.nz /usr/local/web/www.gamescape.co.nz/htdocs/media/movies aeon_clip.viv
