96.11.08 17:39 B C:\FrontPage Webs\Content\images\navbar.gif --> red.mac.co.nz /d:/netaccess/htdocs/gamescape navbar.gif
96.11.08 17:39 B C:\FrontPage Webs\Content\images\navbar_sm.gif --> red.mac.co.nz /d:/netaccess/htdocs/gamescape navbar_sm.gif
96.11.08 17:40 B C:\FrontPage Webs\Content\images\navbar.gif --> red.mac.co.nz /d:/netaccess/htdocs/gamescape/images navbar.gif
96.11.08 17:40 B C:\FrontPage Webs\Content\images\navbar_sm.gif --> red.mac.co.nz /d:/netaccess/htdocs/gamescape/images navbar_sm.gif
96.11.16 14:47 B C:\FrontPage Webs\Content\images\diablo2.gif --> red.mac.co.nz /d:/netaccess/htdocs/gamescape diablo2.gif
96.11.16 14:56 B C:\FrontPage Webs\Content\images\logo_sm.gif --> red.mac.co.nz /d:/netaccess/htdocs/gamescape logo_sm.gif
96.11.28 13:04 B C:\FrontPage Webs\Content\images\navbar_sm3a.gif --> red.mac.co.nz /d:/gamescape/htdocs navbar_sm3a.gif
96.11.29 21:02 B C:\FrontPage Webs\Content\images\navbar1.gif --> red.mac.co.nz /d:/gamescape/htdocs/images navbar1.gif
96.11.29 21:02 B C:\FrontPage Webs\Content\images\navbar2.gif --> red.mac.co.nz /d:/gamescape/htdocs/images navbar2.gif
96.11.29 21:02 B C:\FrontPage Webs\Content\images\navbar3.gif --> red.mac.co.nz /d:/gamescape/htdocs/images navbar3.gif
96.11.29 21:02 B C:\FrontPage Webs\Content\images\navbar4.gif --> red.mac.co.nz /d:/gamescape/htdocs/images navbar4.gif
96.11.29 21:02 B C:\FrontPage Webs\Content\images\navbar5.gif --> red.mac.co.nz /d:/gamescape/htdocs/images navbar5.gif
96.11.29 21:02 B C:\FrontPage Webs\Content\images\navbar6.gif --> red.mac.co.nz /d:/gamescape/htdocs/images navbar6.gif
96.12.05 16:53 B C:\FrontPage Webs\Content\images\bswrindy3.gif --> sirius.plain.co.nz /usr/local/web/www.gamescape.co.nz/htdocs/images bswrindy3.gif
96.12.05 16:54 B C:\FrontPage Webs\Content\images\nolimits.gif --> sirius.plain.co.nz /usr/local/web/www.gamescape.co.nz/htdocs/images nolimits.gif
96.12.05 16:55 B C:\FrontPage Webs\Content\images\mplayer.gif --> sirius.plain.co.nz /usr/local/web/www.gamescape.co.nz/htdocs/images mplayer.gif
96.12.05 16:56 B C:\FrontPage Webs\Content\images\jedikght.gif --> sirius.plain.co.nz /usr/local/web/www.gamescape.co.nz/htdocs/images jedikght.gif
96.12.05 16:56 B C:\FrontPage Webs\Content\images\hline.gif --> sirius.plain.co.nz /usr/local/web/www.gamescape.co.nz/htdocs/images hline.gif
96.12.05 16:56 B C:\FrontPage Webs\Content\images\hkfly.gif --> sirius.plain.co.nz /usr/local/web/www.gamescape.co.nz/htdocs/images hkfly.gif
96.12.05 16:56 B C:\FrontPage Webs\Content\images\greyln.gif --> sirius.plain.co.nz /usr/local/web/www.gamescape.co.nz/htdocs/images greyln.gif
96.12.05 16:56 B C:\FrontPage Webs\Content\images\reviews.gif --> sirius.plain.co.nz /usr/local/web/www.gamescape.co.nz/htdocs/images reviews.gif
96.12.05 16:57 B C:\FrontPage Webs\Content\images\doom2.gif --> sirius.plain.co.nz /usr/local/web/www.gamescape.co.nz/htdocs/images doom2.gif
96.12.05 16:57 B C:\FrontPage Webs\Content\images\doom.gif --> sirius.plain.co.nz /usr/local/web/www.gamescape.co.nz/htdocs/images doom.gif
96.12.05 16:58 B C:\FrontPage Webs\Content\images\diablo.gif --> sirius.plain.co.nz /usr/local/web/www.gamescape.co.nz/htdocs/images diablo.gif
96.12.05 16:58 B C:\FrontPage Webs\Content\images\cars.gif --> sirius.plain.co.nz /usr/local/web/www.gamescape.co.nz/htdocs/images cars.gif
96.12.05 16:58 B C:\FrontPage Webs\Content\images\new_yelw.gif --> sirius.plain.co.nz /usr/local/web/www.gamescape.co.nz/htdocs/images new_yelw.gif
96.12.05 16:59 B C:\FrontPage Webs\Content\images\ball_grn.gif --> sirius.plain.co.nz /usr/local/web/www.gamescape.co.nz/htdocs/images ball_grn.gif
96.12.05 16:59 B C:\FrontPage Webs\Content\images\lbulb_sm.gif --> sirius.plain.co.nz /usr/local/web/www.gamescape.co.nz/htdocs/images lbulb_sm.gif
96.12.05 16:59 B C:\FrontPage Webs\Content\images\i-phone.gif --> sirius.plain.co.nz /usr/local/web/www.gamescape.co.nz/htdocs/images i-phone.gif
96.12.05 16:59 B C:\FrontPage Webs\Content\images\i-gmail.gif --> sirius.plain.co.nz /usr/local/web/www.gamescape.co.nz/htdocs/images i-gmail.gif
96.12.05 16:59 B C:\FrontPage Webs\Content\images\i-fax.gif --> sirius.plain.co.nz /usr/local/web/www.gamescape.co.nz/htdocs/images i-fax.gif
96.12.05 16:59 B C:\FrontPage Webs\Content\images\logo.gif --> sirius.plain.co.nz /usr/local/web/www.gamescape.co.nz/htdocs/images logo.gif
96.12.05 16:59 B C:\FrontPage Webs\Content\images\blue_back.gif --> sirius.plain.co.nz /usr/local/web/www.gamescape.co.nz/htdocs/images blue_back.gif
96.12.05 16:59 B C:\FrontPage Webs\Content\images\bswrindy2.gif --> sirius.plain.co.nz /usr/local/web/www.gamescape.co.nz/htdocs/images bswrindy2.gif
96.12.05 17:00 B C:\FrontPage Webs\Content\images\black_pic.gif --> sirius.plain.co.nz /usr/local/web/www.gamescape.co.nz/htdocs/images black_pic.gif
96.12.05 17:00 B C:\FrontPage Webs\Content\images\unconst.gif --> sirius.plain.co.nz /usr/local/web/www.gamescape.co.nz/htdocs/images unconst.gif
96.12.05 17:00 B C:\FrontPage Webs\Content\images\lbulb.gif --> sirius.plain.co.nz /usr/local/web/www.gamescape.co.nz/htdocs/images lbulb.gif
96.12.05 17:00 B C:\FrontPage Webs\Content\images\blueln.gif --> sirius.plain.co.nz /usr/local/web/www.gamescape.co.nz/htdocs/images blueln.gif
96.12.05 17:00 B C:\FrontPage Webs\Content\images\bswrin2b.gif --> sirius.plain.co.nz /usr/local/web/www.gamescape.co.nz/htdocs/images bswrin2b.gif
96.12.05 17:00 B C:\FrontPage Webs\Content\images\logo2.gif --> sirius.plain.co.nz /usr/local/web/www.gamescape.co.nz/htdocs/images logo2.gif
96.12.05 17:01 B C:\FrontPage Webs\Content\images\logo3.gif --> sirius.plain.co.nz /usr/local/web/www.gamescape.co.nz/htdocs/images logo3.gif
96.12.05 17:01 B C:\FrontPage Webs\Content\images\logo_sm.gif --> sirius.plain.co.nz /usr/local/web/www.gamescape.co.nz/htdocs/images logo_sm.gif
96.12.05 17:01 B C:\FrontPage Webs\Content\images\batwng.gif --> sirius.plain.co.nz /usr/local/web/www.gamescape.co.nz/htdocs/images batwng.gif
96.12.05 17:01 B C:\FrontPage Webs\Content\images\new_big.gif --> sirius.plain.co.nz /usr/local/web/www.gamescape.co.nz/htdocs/images new_big.gif
96.12.05 17:01 B C:\FrontPage Webs\Content\images\ball_bl.gif --> sirius.plain.co.nz /usr/local/web/www.gamescape.co.nz/htdocs/images ball_bl.gif
96.12.05 17:01 B C:\FrontPage Webs\Content\images\purbull.gif --> sirius.plain.co.nz /usr/local/web/www.gamescape.co.nz/htdocs/images purbull.gif
96.12.05 17:02 B C:\FrontPage Webs\Content\images\doom_sm.gif --> sirius.plain.co.nz /usr/local/web/www.gamescape.co.nz/htdocs/images doom_sm.gif
96.12.05 17:02 B C:\FrontPage Webs\Content\images\stgn_hol.gif --> sirius.plain.co.nz /usr/local/web/www.gamescape.co.nz/htdocs/images stgn_hol.gif
96.12.05 17:03 B C:\FrontPage Webs\Content\images\stfu_awy.gif --> sirius.plain.co.nz /usr/local/web/www.gamescape.co.nz/htdocs/images stfu_awy.gif
96.12.05 17:04 B C:\FrontPage Webs\Content\images\stfu_obt.gif --> sirius.plain.co.nz /usr/local/web/www.gamescape.co.nz/htdocs/images stfu_obt.gif
96.12.05 17:04 B C:\FrontPage Webs\Content\images\diablo2.gif --> sirius.plain.co.nz /usr/local/web/www.gamescape.co.nz/htdocs/images diablo2.gif
96.12.05 17:04 B C:\FrontPage Webs\Content\images\topgn_sm.gif --> sirius.plain.co.nz /usr/local/web/www.gamescape.co.nz/htdocs/images topgn_sm.gif
96.12.05 17:05 B C:\FrontPage Webs\Content\images\c&c_bx.gif --> sirius.plain.co.nz /usr/local/web/www.gamescape.co.nz/htdocs/images c&c_bx.gif
96.12.05 17:05 B C:\FrontPage Webs\Content\images\playstn.gif --> sirius.plain.co.nz /usr/local/web/www.gamescape.co.nz/htdocs/images playstn.gif
96.12.05 17:05 B C:\FrontPage Webs\Content\images\red_dot.gif --> sirius.plain.co.nz /usr/local/web/www.gamescape.co.nz/htdocs/images red_dot.gif
96.12.05 17:05 B C:\FrontPage Webs\Content\images\blue_dot.gif --> sirius.plain.co.nz /usr/local/web/www.gamescape.co.nz/htdocs/images blue_dot.gif
96.12.05 17:05 B C:\FrontPage Webs\Content\images\pur_dot.gif --> sirius.plain.co.nz /usr/local/web/www.gamescape.co.nz/htdocs/images pur_dot.gif
96.12.05 17:05 B C:\FrontPage Webs\Content\images\green_dot.gif --> sirius.plain.co.nz /usr/local/web/www.gamescape.co.nz/htdocs/images green_dot.gif
96.12.05 17:05 B C:\FrontPage Webs\Content\images\yllw_dot.gif --> sirius.plain.co.nz /usr/local/web/www.gamescape.co.nz/htdocs/images yllw_dot.gif
96.12.05 17:06 B C:\FrontPage Webs\Content\images\aqu_dot.gif --> sirius.plain.co.nz /usr/local/web/www.gamescape.co.nz/htdocs/images aqu_dot.gif
96.12.05 17:06 B C:\FrontPage Webs\Content\images\attention.gif --> sirius.plain.co.nz /usr/local/web/www.gamescape.co.nz/htdocs/images attention.gif
96.12.05 17:06 B C:\FrontPage Webs\Content\images\tile.gif --> sirius.plain.co.nz /usr/local/web/www.gamescape.co.nz/htdocs/images tile.gif
96.12.05 17:06 B C:\FrontPage Webs\Content\images\profile.gif --> sirius.plain.co.nz /usr/local/web/www.gamescape.co.nz/htdocs/images profile.gif
96.12.05 17:06 B C:\FrontPage Webs\Content\images\prison.gif --> sirius.plain.co.nz /usr/local/web/www.gamescape.co.nz/htdocs/images prison.gif
96.12.05 17:06 B C:\FrontPage Webs\Content\images\words.gif --> sirius.plain.co.nz /usr/local/web/www.gamescape.co.nz/htdocs/images words.gif
96.12.05 17:06 B C:\FrontPage Webs\Content\images\nllogo_s.gif --> sirius.plain.co.nz /usr/local/web/www.gamescape.co.nz/htdocs/images nllogo_s.gif
96.12.05 17:07 B C:\FrontPage Webs\Content\images\earts.gif --> sirius.plain.co.nz /usr/local/web/www.gamescape.co.nz/htdocs/images earts.gif
96.12.05 17:07 B C:\FrontPage Webs\Content\images\windward.gif --> sirius.plain.co.nz /usr/local/web/www.gamescape.co.nz/htdocs/images windward.gif
96.12.05 17:07 B C:\FrontPage Webs\Content\images\wslogo1.gif --> sirius.plain.co.nz /usr/local/web/www.gamescape.co.nz/htdocs/images wslogo1.gif
96.12.05 17:07 B C:\FrontPage Webs\Content\images\wsspin.gif --> sirius.plain.co.nz /usr/local/web/www.gamescape.co.nz/htdocs/images wsspin.gif
96.12.05 17:07 B C:\FrontPage Webs\Content\images\4network.gif --> sirius.plain.co.nz /usr/local/web/www.gamescape.co.nz/htdocs/images 4network.gif
96.12.05 17:08 B C:\FrontPage Webs\Content\images\sword.jpg --> sirius.plain.co.nz /usr/local/web/www.gamescape.co.nz/htdocs/images sword.jpg
96.12.05 17:08 B C:\FrontPage Webs\Content\images\rp.gif --> sirius.plain.co.nz /usr/local/web/www.gamescape.co.nz/htdocs/images rp.gif
96.12.05 17:08 B C:\FrontPage Webs\Content\images\pf.gif --> sirius.plain.co.nz /usr/local/web/www.gamescape.co.nz/htdocs/images pf.gif
96.12.05 17:08 B C:\FrontPage Webs\Content\images\bethsoft.gif --> sirius.plain.co.nz /usr/local/web/www.gamescape.co.nz/htdocs/images bethsoft.gif
96.12.05 17:09 B C:\FrontPage Webs\Content\images\d-game1.jpg --> sirius.plain.co.nz /usr/local/web/www.gamescape.co.nz/htdocs/images d-game1.jpg
96.12.05 17:10 B C:\FrontPage Webs\Content\images\demons.jpg --> sirius.plain.co.nz /usr/local/web/www.gamescape.co.nz/htdocs/images demons.jpg
96.12.05 17:10 B C:\FrontPage Webs\Content\images\cd.jpg --> sirius.plain.co.nz /usr/local/web/www.gamescape.co.nz/htdocs/images cd.jpg
96.12.05 17:10 B C:\FrontPage Webs\Content\images\bnet.jpg --> sirius.plain.co.nz /usr/local/web/www.gamescape.co.nz/htdocs/images bnet.jpg
96.12.05 17:11 B C:\FrontPage Webs\Content\images\bnet.gif --> sirius.plain.co.nz /usr/local/web/www.gamescape.co.nz/htdocs/images bnet.gif
96.12.05 17:11 B C:\FrontPage Webs\Content\images\blizzard.gif --> sirius.plain.co.nz /usr/local/web/www.gamescape.co.nz/htdocs/images blizzard.gif
96.12.05 17:12 B C:\FrontPage Webs\Content\images\bg.gif --> sirius.plain.co.nz /usr/local/web/www.gamescape.co.nz/htdocs/images bg.gif
96.12.05 17:12 B C:\FrontPage Webs\Content\images\sysreqi.gif --> sirius.plain.co.nz /usr/local/web/www.gamescape.co.nz/htdocs/images sysreqi.gif
96.12.05 17:12 B C:\FrontPage Webs\Content\images\diablo_p.gif --> sirius.plain.co.nz /usr/local/web/www.gamescape.co.nz/htdocs/images diablo_p.gif
96.12.05 17:12 B C:\FrontPage Webs\Content\images\blank.gif --> sirius.plain.co.nz /usr/local/web/www.gamescape.co.nz/htdocs/images blank.gif
96.12.05 17:13 B C:\FrontPage Webs\Content\images\serial.gif --> sirius.plain.co.nz /usr/local/web/www.gamescape.co.nz/htdocs/images serial.gif
96.12.05 17:13 B C:\FrontPage Webs\Content\images\modem.gif --> sirius.plain.co.nz /usr/local/web/www.gamescape.co.nz/htdocs/images modem.gif
96.12.05 17:13 B C:\FrontPage Webs\Content\images\igallery.gif --> sirius.plain.co.nz /usr/local/web/www.gamescape.co.nz/htdocs/images igallery.gif
96.12.05 17:13 B C:\FrontPage Webs\Content\images\orc.gif --> sirius.plain.co.nz /usr/local/web/www.gamescape.co.nz/htdocs/images orc.gif
96.12.05 17:13 B C:\FrontPage Webs\Content\images\deathhd.gif --> sirius.plain.co.nz /usr/local/web/www.gamescape.co.nz/htdocs/images deathhd.gif
96.12.05 17:14 B C:\FrontPage Webs\Content\images\bullfrg_lgo.gif --> sirius.plain.co.nz /usr/local/web/www.gamescape.co.nz/htdocs/images bullfrg_lgo.gif
96.12.05 17:14 B C:\FrontPage Webs\Content\images\3drealms_lgo.gif --> sirius.plain.co.nz /usr/local/web/www.gamescape.co.nz/htdocs/images 3drealms_lgo.gif
96.12.05 17:14 B C:\FrontPage Webs\Content\images\bg_2.gif --> sirius.plain.co.nz /usr/local/web/www.gamescape.co.nz/htdocs/images bg_2.gif
96.12.05 17:14 B C:\FrontPage Webs\Content\images\star.gif --> sirius.plain.co.nz /usr/local/web/www.gamescape.co.nz/htdocs/images star.gif
96.12.05 17:14 B C:\FrontPage Webs\Content\images\pcgamer_sm.gif --> sirius.plain.co.nz /usr/local/web/www.gamescape.co.nz/htdocs/images pcgamer_sm.gif
96.12.05 17:15 B C:\FrontPage Webs\Content\images\pcgamer.gif --> sirius.plain.co.nz /usr/local/web/www.gamescape.co.nz/htdocs/images pcgamer.gif
96.12.05 17:15 B C:\FrontPage Webs\Content\images\pczone_90.gif --> sirius.plain.co.nz /usr/local/web/www.gamescape.co.nz/htdocs/images pczone_90.gif
96.12.05 17:16 B C:\FrontPage Webs\Content\images\s_away1.gif --> sirius.plain.co.nz /usr/local/web/www.gamescape.co.nz/htdocs/images s_away1.gif
96.12.05 17:16 B C:\FrontPage Webs\Content\images\s_star05.gif --> sirius.plain.co.nz /usr/local/web/www.gamescape.co.nz/htdocs/images s_star05.gif
96.12.05 17:17 B C:\FrontPage Webs\Content\images\s_star03.gif --> sirius.plain.co.nz /usr/local/web/www.gamescape.co.nz/htdocs/images s_star03.gif
96.12.05 17:17 B C:\FrontPage Webs\Content\images\s_enter.gif --> sirius.plain.co.nz /usr/local/web/www.gamescape.co.nz/htdocs/images s_enter.gif
96.12.05 17:18 B C:\FrontPage Webs\Content\images\s_bridge.gif --> sirius.plain.co.nz /usr/local/web/www.gamescape.co.nz/htdocs/images s_bridge.gif
96.12.05 17:18 B C:\FrontPage Webs\Content\images\s_ufplogo.gif --> sirius.plain.co.nz /usr/local/web/www.gamescape.co.nz/htdocs/images s_ufplogo.gif
96.12.05 17:18 B C:\FrontPage Webs\Content\images\s_sh2.jpg --> sirius.plain.co.nz /usr/local/web/www.gamescape.co.nz/htdocs/images s_sh2.jpg
96.12.05 17:18 B C:\FrontPage Webs\Content\images\safeline.gif --> sirius.plain.co.nz /usr/local/web/www.gamescape.co.nz/htdocs/images safeline.gif
96.12.05 17:19 B C:\FrontPage Webs\Content\images\topgun_box.jpg --> sirius.plain.co.nz /usr/local/web/www.gamescape.co.nz/htdocs/images topgun_box.jpg
96.12.05 17:19 B C:\FrontPage Webs\Content\images\tg_cpit.gif --> sirius.plain.co.nz /usr/local/web/www.gamescape.co.nz/htdocs/images tg_cpit.gif
96.12.05 17:19 B C:\FrontPage Webs\Content\images\tg_conf.gif --> sirius.plain.co.nz /usr/local/web/www.gamescape.co.nz/htdocs/images tg_conf.gif
96.12.05 17:20 B C:\FrontPage Webs\Content\images\tg_car.gif --> sirius.plain.co.nz /usr/local/web/www.gamescape.co.nz/htdocs/images tg_car.gif
96.12.05 17:20 B C:\FrontPage Webs\Content\images\pcgamer_92.gif --> sirius.plain.co.nz /usr/local/web/www.gamescape.co.nz/htdocs/images pcgamer_92.gif
96.12.05 17:20 B C:\FrontPage Webs\Content\images\f_shock_box.gif --> sirius.plain.co.nz /usr/local/web/www.gamescape.co.nz/htdocs/images f_shock_box.gif
96.12.05 17:21 B C:\FrontPage Webs\Content\images\f_shock2.gif --> sirius.plain.co.nz /usr/local/web/www.gamescape.co.nz/htdocs/images f_shock2.gif
96.12.05 17:21 B C:\FrontPage Webs\Content\images\f_guy.gif --> sirius.plain.co.nz /usr/local/web/www.gamescape.co.nz/htdocs/images f_guy.gif
96.12.05 17:21 B C:\FrontPage Webs\Content\images\bubble_play.gif --> sirius.plain.co.nz /usr/local/web/www.gamescape.co.nz/htdocs/images bubble_play.gif
96.12.05 17:21 B C:\FrontPage Webs\Content\images\bubble_prof.gif --> sirius.plain.co.nz /usr/local/web/www.gamescape.co.nz/htdocs/images bubble_prof.gif
96.12.05 17:22 B C:\FrontPage Webs\Content\images\avi_placemaker.gif --> sirius.plain.co.nz /usr/local/web/www.gamescape.co.nz/htdocs/images avi_placemaker.gif
96.12.05 17:22 B C:\FrontPage Webs\Content\images\butn_purchase.gif --> sirius.plain.co.nz /usr/local/web/www.gamescape.co.nz/htdocs/images butn_purchase.gif
96.12.05 17:22 B C:\FrontPage Webs\Content\images\butn_hire.gif --> sirius.plain.co.nz /usr/local/web/www.gamescape.co.nz/htdocs/images butn_hire.gif
96.12.05 17:22 B C:\FrontPage Webs\Content\images\butn_demo.gif --> sirius.plain.co.nz /usr/local/web/www.gamescape.co.nz/htdocs/images butn_demo.gif
96.12.05 17:23 B C:\FrontPage Webs\Content\images\bubble_rev.gif --> sirius.plain.co.nz /usr/local/web/www.gamescape.co.nz/htdocs/images bubble_rev.gif
96.12.05 17:23 B C:\FrontPage Webs\Content\images\bubble_play_wh.gif --> sirius.plain.co.nz /usr/local/web/www.gamescape.co.nz/htdocs/images bubble_play_wh.gif
96.12.05 17:23 B C:\FrontPage Webs\Content\images\bubble_rev_wh.gif --> sirius.plain.co.nz /usr/local/web/www.gamescape.co.nz/htdocs/images bubble_rev_wh.gif
96.12.05 17:23 B C:\FrontPage Webs\Content\images\c&c_bx_2.gif --> sirius.plain.co.nz /usr/local/web/www.gamescape.co.nz/htdocs/images c&c_bx_2.gif
96.12.05 17:23 B C:\FrontPage Webs\Content\images\pcgamericon.gif --> sirius.plain.co.nz /usr/local/web/www.gamescape.co.nz/htdocs/images pcgamericon.gif
96.12.05 17:24 B C:\FrontPage Webs\Content\images\candctower.gif --> sirius.plain.co.nz /usr/local/web/www.gamescape.co.nz/htdocs/images candctower.gif
96.12.05 17:24 B C:\FrontPage Webs\Content\images\candcplan2.gif --> sirius.plain.co.nz /usr/local/web/www.gamescape.co.nz/htdocs/images candcplan2.gif
96.12.05 17:24 B C:\FrontPage Webs\Content\images\candcplan.gif --> sirius.plain.co.nz /usr/local/web/www.gamescape.co.nz/htdocs/images candcplan.gif
96.12.05 17:24 B C:\FrontPage Webs\Content\images\pcformaticon.gif --> sirius.plain.co.nz /usr/local/web/www.gamescape.co.nz/htdocs/images pcformaticon.gif
96.12.05 17:24 B C:\FrontPage Webs\Content\images\candctank.gif --> sirius.plain.co.nz /usr/local/web/www.gamescape.co.nz/htdocs/images candctank.gif
96.12.05 17:25 B C:\FrontPage Webs\Content\images\candc1.gif --> sirius.plain.co.nz /usr/local/web/www.gamescape.co.nz/htdocs/images candc1.gif
96.12.05 17:25 B C:\FrontPage Webs\Content\images\candc2.gif --> sirius.plain.co.nz /usr/local/web/www.gamescape.co.nz/htdocs/images candc2.gif
96.12.05 17:25 B C:\FrontPage Webs\Content\images\candc4.gif --> sirius.plain.co.nz /usr/local/web/www.gamescape.co.nz/htdocs/images candc4.gif
96.12.05 17:25 B C:\FrontPage Webs\Content\images\candc5.gif --> sirius.plain.co.nz /usr/local/web/www.gamescape.co.nz/htdocs/images candc5.gif
96.12.05 17:26 B C:\FrontPage Webs\Content\images\pcformat_81.gif --> sirius.plain.co.nz /usr/local/web/www.gamescape.co.nz/htdocs/images pcformat_81.gif
96.12.05 17:26 B C:\FrontPage Webs\Content\images\pczone_sm.gif --> sirius.plain.co.nz /usr/local/web/www.gamescape.co.nz/htdocs/images pczone_sm.gif
96.12.05 17:26 B C:\FrontPage Webs\Content\images\marble.gif --> sirius.plain.co.nz /usr/local/web/www.gamescape.co.nz/htdocs/images marble.gif
96.12.05 17:26 B C:\FrontPage Webs\Content\images\dukefire.gif --> sirius.plain.co.nz /usr/local/web/www.gamescape.co.nz/htdocs/images dukefire.gif
96.12.05 17:27 B C:\FrontPage Webs\Content\images\dancer.gif --> sirius.plain.co.nz /usr/local/web/www.gamescape.co.nz/htdocs/images dancer.gif
96.12.05 17:27 B C:\FrontPage Webs\Content\images\boss1.gif --> sirius.plain.co.nz /usr/local/web/www.gamescape.co.nz/htdocs/images boss1.gif
96.12.05 17:27 B C:\FrontPage Webs\Content\images\pcformat_sm.gif --> sirius.plain.co.nz /usr/local/web/www.gamescape.co.nz/htdocs/images pcformat_sm.gif
96.12.05 17:27 B C:\FrontPage Webs\Content\images\duke3d_box.gif --> sirius.plain.co.nz /usr/local/web/www.gamescape.co.nz/htdocs/images duke3d_box.gif
96.12.05 17:28 B C:\FrontPage Webs\Content\images\tg5.gif --> sirius.plain.co.nz /usr/local/web/www.gamescape.co.nz/htdocs/images tg5.gif
96.12.05 17:28 B C:\FrontPage Webs\Content\images\spacer.gif --> sirius.plain.co.nz /usr/local/web/www.gamescape.co.nz/htdocs/images spacer.gif
96.12.05 17:28 B C:\FrontPage Webs\Content\images\blast.gif --> sirius.plain.co.nz /usr/local/web/www.gamescape.co.nz/htdocs/images blast.gif
96.12.05 17:28 B C:\FrontPage Webs\Content\images\spacer2.gif --> sirius.plain.co.nz /usr/local/web/www.gamescape.co.nz/htdocs/images spacer2.gif
96.12.05 17:28 B C:\FrontPage Webs\Content\images\butn_test.gif --> sirius.plain.co.nz /usr/local/web/www.gamescape.co.nz/htdocs/images butn_test.gif
96.12.05 17:29 B C:\FrontPage Webs\Content\images\topgun_box.gif --> sirius.plain.co.nz /usr/local/web/www.gamescape.co.nz/htdocs/images topgun_box.gif
96.12.05 17:29 B C:\FrontPage Webs\Content\images\tg3.gif --> sirius.plain.co.nz /usr/local/web/www.gamescape.co.nz/htdocs/images tg3.gif
96.12.05 17:29 B C:\FrontPage Webs\Content\images\tg1.gif --> sirius.plain.co.nz /usr/local/web/www.gamescape.co.nz/htdocs/images tg1.gif
96.12.05 17:30 B C:\FrontPage Webs\Content\images\spchlk2_boxart.jpg --> sirius.plain.co.nz /usr/local/web/www.gamescape.co.nz/htdocs/images spchlk2_boxart.jpg
96.12.05 17:30 B C:\FrontPage Webs\Content\images\keygames_lg_sm.gif --> sirius.plain.co.nz /usr/local/web/www.gamescape.co.nz/htdocs/images keygames_lg_sm.gif
96.12.05 17:30 B C:\FrontPage Webs\Content\images\gsbanner1.jpeg --> sirius.plain.co.nz /usr/local/web/www.gamescape.co.nz/htdocs/images gsbanner1.jpeg
96.12.05 17:32 B C:\FrontPage Webs\Content\images\dfscr2.gif --> sirius.plain.co.nz /usr/local/web/www.gamescape.co.nz/htdocs/images dfscr2.gif
96.12.05 17:33 B C:\FrontPage Webs\Content\images\sttngfu_box_smint.gif --> sirius.plain.co.nz /usr/local/web/www.gamescape.co.nz/htdocs/images sttngfu_box_smint.gif
96.12.05 17:33 B C:\FrontPage Webs\Content\images\stratgy2.gif --> sirius.plain.co.nz /usr/local/web/www.gamescape.co.nz/htdocs/images stratgy2.gif
96.12.05 17:33 B C:\FrontPage Webs\Content\images\via_banner.gif --> sirius.plain.co.nz /usr/local/web/www.gamescape.co.nz/htdocs/images via_banner.gif
96.12.05 17:33 B C:\FrontPage Webs\Content\images\via_coname.gif --> sirius.plain.co.nz /usr/local/web/www.gamescape.co.nz/htdocs/images via_coname.gif
96.12.05 17:33 B C:\FrontPage Webs\Content\images\via_small-mtv.gif --> sirius.plain.co.nz /usr/local/web/www.gamescape.co.nz/htdocs/images via_small-mtv.gif
96.12.05 17:34 B C:\FrontPage Webs\Content\images\via_small2-vnm.gif --> sirius.plain.co.nz /usr/local/web/www.gamescape.co.nz/htdocs/images via_small2-vnm.gif
96.12.05 17:34 B C:\FrontPage Webs\Content\images\via_aeon.gif --> sirius.plain.co.nz /usr/local/web/www.gamescape.co.nz/htdocs/images via_aeon.gif
96.12.05 17:34 B C:\FrontPage Webs\Content\images\3drealms_clr.gif --> sirius.plain.co.nz /usr/local/web/www.gamescape.co.nz/htdocs/images 3drealms_clr.gif
96.12.05 17:35 B C:\FrontPage Webs\Content\images\netscape_anim.gif --> sirius.plain.co.nz /usr/local/web/www.gamescape.co.nz/htdocs/images netscape_anim.gif
96.12.05 17:35 B C:\FrontPage Webs\Content\images\netnav_now30_button.gif --> sirius.plain.co.nz /usr/local/web/www.gamescape.co.nz/htdocs/images netnav_now30_button.gif
96.12.05 17:35 B C:\FrontPage Webs\Content\images\netnav_now20_button.gif --> sirius.plain.co.nz /usr/local/web/www.gamescape.co.nz/htdocs/images netnav_now20_button.gif
96.12.05 17:35 B C:\FrontPage Webs\Content\images\netnav_now10.gif --> sirius.plain.co.nz /usr/local/web/www.gamescape.co.nz/htdocs/images netnav_now10.gif
96.12.05 17:35 B C:\FrontPage Webs\Content\images\ie_anim.gif --> sirius.plain.co.nz /usr/local/web/www.gamescape.co.nz/htdocs/images ie_anim.gif
96.12.05 17:36 B C:\FrontPage Webs\Content\images\vivo_logo.gif --> sirius.plain.co.nz /usr/local/web/www.gamescape.co.nz/htdocs/images vivo_logo.gif
96.12.05 17:36 B C:\FrontPage Webs\Content\images\vivoactive_dnld.gif --> sirius.plain.co.nz /usr/local/web/www.gamescape.co.nz/htdocs/images vivoactive_dnld.gif
96.12.05 17:36 B C:\FrontPage Webs\Content\images\netmeet_dnld.gif --> sirius.plain.co.nz /usr/local/web/www.gamescape.co.nz/htdocs/images netmeet_dnld.gif
96.12.05 17:36 B C:\FrontPage Webs\Content\images\hand_right.gif --> sirius.plain.co.nz /usr/local/web/www.gamescape.co.nz/htdocs/images hand_right.gif
96.12.05 17:36 B C:\FrontPage Webs\Content\images\callme_smaller.gif --> sirius.plain.co.nz /usr/local/web/www.gamescape.co.nz/htdocs/images callme_smaller.gif
96.12.05 17:36 B C:\FrontPage Webs\Content\images\up.gif --> sirius.plain.co.nz /usr/local/web/www.gamescape.co.nz/htdocs/images up.gif
96.12.05 17:36 B C:\FrontPage Webs\Content\images\down.gif --> sirius.plain.co.nz /usr/local/web/www.gamescape.co.nz/htdocs/images down.gif
96.12.05 17:37 B C:\FrontPage Webs\Content\images\up_clear.gif --> sirius.plain.co.nz /usr/local/web/www.gamescape.co.nz/htdocs/images up_clear.gif
96.12.05 17:37 B C:\FrontPage Webs\Content\images\down_clear.gif --> sirius.plain.co.nz /usr/local/web/www.gamescape.co.nz/htdocs/images down_clear.gif
96.12.05 17:37 B C:\FrontPage Webs\Content\images\gold_bkrnd.gif --> sirius.plain.co.nz /usr/local/web/www.gamescape.co.nz/htdocs/images gold_bkrnd.gif
96.12.05 17:37 B C:\FrontPage Webs\Content\images\up2_clear.gif --> sirius.plain.co.nz /usr/local/web/www.gamescape.co.nz/htdocs/images up2_clear.gif
96.12.05 17:40 B C:\FrontPage Webs\Content\images\trekscreen.GIF --> sirius.plain.co.nz /usr/local/web/www.gamescape.co.nz/htdocs/images trekscreen.GIF
96.12.05 17:40 B C:\FrontPage Webs\Content\images\left_clear.gif --> sirius.plain.co.nz /usr/local/web/www.gamescape.co.nz/htdocs/images left_clear.gif
96.12.05 17:40 B C:\FrontPage Webs\Content\images\profile_2.gif --> sirius.plain.co.nz /usr/local/web/www.gamescape.co.nz/htdocs/images profile_2.gif
96.12.05 17:41 B C:\FrontPage Webs\Content\images\snzsmall.gif --> sirius.plain.co.nz /usr/local/web/www.gamescape.co.nz/htdocs/images snzsmall.gif
96.12.05 17:41 B C:\FrontPage Webs\Content\images\right_clear.gif --> sirius.plain.co.nz /usr/local/web/www.gamescape.co.nz/htdocs/images right_clear.gif
96.12.05 17:41 B C:\FrontPage Webs\Content\images\counter.gif --> sirius.plain.co.nz /usr/local/web/www.gamescape.co.nz/htdocs/images counter.gif
96.12.05 17:41 B C:\FrontPage Webs\Content\images\count.gif --> sirius.plain.co.nz /usr/local/web/www.gamescape.co.nz/htdocs/images count.gif
96.12.05 17:41 B C:\FrontPage Webs\Content\images\f14ind1.jpg --> sirius.plain.co.nz /usr/local/web/www.gamescape.co.nz/htdocs/images f14ind1.jpg
96.12.05 17:41 B C:\FrontPage Webs\Content\images\spacer3.gif --> sirius.plain.co.nz /usr/local/web/www.gamescape.co.nz/htdocs/images spacer3.gif
96.12.05 17:41 B C:\FrontPage Webs\Content\images\video_of_gameplay.gif --> sirius.plain.co.nz /usr/local/web/www.gamescape.co.nz/htdocs/images video_of_gameplay.gif
96.12.05 17:42 B C:\FrontPage Webs\Content\images\review_sm-blk.gif --> sirius.plain.co.nz /usr/local/web/www.gamescape.co.nz/htdocs/images review_sm-blk.gif
96.12.05 17:42 B C:\FrontPage Webs\Content\images\sttng2_pr.gif --> sirius.plain.co.nz /usr/local/web/www.gamescape.co.nz/htdocs/images sttng2_pr.gif
96.12.05 17:42 B C:\FrontPage Webs\Content\images\video_sm-blk.gif --> sirius.plain.co.nz /usr/local/web/www.gamescape.co.nz/htdocs/images video_sm-blk.gif
96.12.05 17:42 B C:\FrontPage Webs\Content\images\sttng3_pr.gif --> sirius.plain.co.nz /usr/local/web/www.gamescape.co.nz/htdocs/images sttng3_pr.gif
96.12.05 17:42 B C:\FrontPage Webs\Content\images\sttng4_pr.gif --> sirius.plain.co.nz /usr/local/web/www.gamescape.co.nz/htdocs/images sttng4_pr.gif
96.12.05 17:42 B C:\FrontPage Webs\Content\images\screen-shots_sm-blk.gif --> sirius.plain.co.nz /usr/local/web/www.gamescape.co.nz/htdocs/images screen-shots_sm-blk.gif
96.12.05 17:43 B C:\FrontPage Webs\Content\images\navbar.gif --> sirius.plain.co.nz /usr/local/web/www.gamescape.co.nz/htdocs/images navbar.gif
96.12.05 17:43 B C:\FrontPage Webs\Content\images\navbar_sm.gif --> sirius.plain.co.nz /usr/local/web/www.gamescape.co.nz/htdocs/images navbar_sm.gif
96.12.05 17:43 B C:\FrontPage Webs\Content\images\wc45.jpg --> sirius.plain.co.nz /usr/local/web/www.gamescape.co.nz/htdocs/images wc45.jpg
96.12.05 17:43 B C:\FrontPage Webs\Content\images\wc45.gif --> sirius.plain.co.nz /usr/local/web/www.gamescape.co.nz/htdocs/images wc45.gif
96.12.05 17:44 B C:\FrontPage Webs\Content\images\wc44.gif --> sirius.plain.co.nz /usr/local/web/www.gamescape.co.nz/htdocs/images wc44.gif
96.12.05 17:44 B C:\FrontPage Webs\Content\images\wc42.gif --> sirius.plain.co.nz /usr/local/web/www.gamescape.co.nz/htdocs/images wc42.gif
96.12.05 17:44 B C:\FrontPage Webs\Content\images\tf.gif --> sirius.plain.co.nz /usr/local/web/www.gamescape.co.nz/htdocs/images tf.gif
96.12.05 17:44 B C:\FrontPage Webs\Content\images\distant.jpg --> sirius.plain.co.nz /usr/local/web/www.gamescape.co.nz/htdocs/images distant.jpg
96.12.05 17:45 B C:\FrontPage Webs\Content\images\ws_ftp.log --> sirius.plain.co.nz /usr/local/web/www.gamescape.co.nz/htdocs/images ws_ftp.log
96.12.05 17:45 B C:\FrontPage Webs\Content\images\search.gif --> sirius.plain.co.nz /usr/local/web/www.gamescape.co.nz/htdocs/images search.gif
96.12.05 17:45 B C:\FrontPage Webs\Content\images\navbar_sm-blkwht.gif --> sirius.plain.co.nz /usr/local/web/www.gamescape.co.nz/htdocs/images navbar_sm-blkwht.gif
96.12.05 17:45 B C:\FrontPage Webs\Content\images\test.gif --> sirius.plain.co.nz /usr/local/web/www.gamescape.co.nz/htdocs/images test.gif
96.12.05 17:46 B C:\FrontPage Webs\Content\images\navbar_sm-buy.gif --> sirius.plain.co.nz /usr/local/web/www.gamescape.co.nz/htdocs/images navbar_sm-buy.gif
96.12.05 17:46 B C:\FrontPage Webs\Content\images\navbar_sm-buy[before].gif --> sirius.plain.co.nz /usr/local/web/www.gamescape.co.nz/htdocs/images navbar_sm-buy[before].gif
96.12.05 17:46 B C:\FrontPage Webs\Content\images\navbar_sm-buy2.gif --> sirius.plain.co.nz /usr/local/web/www.gamescape.co.nz/htdocs/images navbar_sm-buy2.gif
96.12.05 17:46 B C:\FrontPage Webs\Content\images\mplayer2.gif --> sirius.plain.co.nz /usr/local/web/www.gamescape.co.nz/htdocs/images mplayer2.gif
96.12.05 17:47 B C:\FrontPage Webs\Content\images\navbar_sm-buy22.gif --> sirius.plain.co.nz /usr/local/web/www.gamescape.co.nz/htdocs/images navbar_sm-buy22.gif
96.12.05 17:47 B C:\FrontPage Webs\Content\images\sttng1_pr.gif --> sirius.plain.co.nz /usr/local/web/www.gamescape.co.nz/htdocs/images sttng1_pr.gif
96.12.05 17:48 B C:\FrontPage Webs\Content\images\rocket_2.gif --> sirius.plain.co.nz /usr/local/web/www.gamescape.co.nz/htdocs/images rocket_2.gif
96.12.05 17:48 B C:\FrontPage Webs\Content\images\rocket_2.jpg --> sirius.plain.co.nz /usr/local/web/www.gamescape.co.nz/htdocs/images rocket_2.jpg
96.12.05 17:48 B C:\FrontPage Webs\Content\images\logo_sm_rainbw.gif --> sirius.plain.co.nz /usr/local/web/www.gamescape.co.nz/htdocs/images logo_sm_rainbw.gif
96.12.05 17:48 B C:\FrontPage Webs\Content\images\navbar_sm2.gif --> sirius.plain.co.nz /usr/local/web/www.gamescape.co.nz/htdocs/images navbar_sm2.gif
96.12.05 17:49 B C:\FrontPage Webs\Content\images\navbar_sm-blank.gif --> sirius.plain.co.nz /usr/local/web/www.gamescape.co.nz/htdocs/images navbar_sm-blank.gif
96.12.05 17:54 B C:\FrontPage Webs\Content\images\pspbrwse.jbf --> sirius.plain.co.nz /usr/local/web/www.gamescape.co.nz/htdocs/images pspbrwse.jbf
96.12.05 17:54 B C:\FrontPage Webs\Content\images\mdklogohead.gif --> sirius.plain.co.nz /usr/local/web/www.gamescape.co.nz/htdocs/images mdklogohead.gif
96.12.05 17:55 B C:\FrontPage Webs\Content\images\mdkjumping.gif --> sirius.plain.co.nz /usr/local/web/www.gamescape.co.nz/htdocs/images mdkjumping.gif
96.12.05 17:55 B C:\FrontPage Webs\Content\images\undercon.gif --> sirius.plain.co.nz /usr/local/web/www.gamescape.co.nz/htdocs/images undercon.gif
96.12.05 17:55 B C:\FrontPage Webs\Content\images\shnyanim.gif --> sirius.plain.co.nz /usr/local/web/www.gamescape.co.nz/htdocs/images shnyanim.gif
96.12.05 17:55 B C:\FrontPage Webs\Content\images\se-screens.jpg --> sirius.plain.co.nz /usr/local/web/www.gamescape.co.nz/htdocs/images se-screens.jpg
96.12.05 17:56 B C:\FrontPage Webs\Content\images\se-story.jpg --> sirius.plain.co.nz /usr/local/web/www.gamescape.co.nz/htdocs/images se-story.jpg
96.12.05 17:56 B C:\FrontPage Webs\Content\images\se-creators.jpg --> sirius.plain.co.nz /usr/local/web/www.gamescape.co.nz/htdocs/images se-creators.jpg
96.12.05 17:56 B C:\FrontPage Webs\Content\images\se-demos.jpg --> sirius.plain.co.nz /usr/local/web/www.gamescape.co.nz/htdocs/images se-demos.jpg
96.12.05 17:56 B C:\FrontPage Webs\Content\images\bg_3.gif --> sirius.plain.co.nz /usr/local/web/www.gamescape.co.nz/htdocs/images bg_3.gif
96.12.05 17:56 B C:\FrontPage Webs\Content\images\navbar_sm3.gif --> sirius.plain.co.nz /usr/local/web/www.gamescape.co.nz/htdocs/images navbar_sm3.gif
96.12.05 17:56 B C:\FrontPage Webs\Content\images\blocks.jpg --> sirius.plain.co.nz /usr/local/web/www.gamescape.co.nz/htdocs/images blocks.jpg
96.12.05 17:59 B C:\FrontPage Webs\Content\images\blocks.bmp --> sirius.plain.co.nz /usr/local/web/www.gamescape.co.nz/htdocs/images blocks.bmp
96.12.05 17:59 B C:\FrontPage Webs\Content\images\Blop.gif --> sirius.plain.co.nz /usr/local/web/www.gamescape.co.nz/htdocs/images Blop.gif
96.12.05 18:00 B C:\FrontPage Webs\Content\images\House.gif --> sirius.plain.co.nz /usr/local/web/www.gamescape.co.nz/htdocs/images House.gif
96.12.05 18:00 B C:\FrontPage Webs\Content\images\navbar_sm3a.gif --> sirius.plain.co.nz /usr/local/web/www.gamescape.co.nz/htdocs/images navbar_sm3a.gif
96.12.05 18:00 B C:\FrontPage Webs\Content\images\navbar_sm3b.gif --> sirius.plain.co.nz /usr/local/web/www.gamescape.co.nz/htdocs/images navbar_sm3b.gif
96.12.05 18:00 B C:\FrontPage Webs\Content\images\mdkpic4.jpg --> sirius.plain.co.nz /usr/local/web/www.gamescape.co.nz/htdocs/images mdkpic4.jpg
96.12.05 18:01 B C:\FrontPage Webs\Content\images\mdk16.gif --> sirius.plain.co.nz /usr/local/web/www.gamescape.co.nz/htdocs/images mdk16.gif
96.12.05 18:01 B C:\FrontPage Webs\Content\images\mdk8.jpg --> sirius.plain.co.nz /usr/local/web/www.gamescape.co.nz/htdocs/images mdk8.jpg
96.12.05 18:01 B C:\FrontPage Webs\Content\images\mdk10.jpg --> sirius.plain.co.nz /usr/local/web/www.gamescape.co.nz/htdocs/images mdk10.jpg
96.12.05 18:01 B C:\FrontPage Webs\Content\images\mdk21.gif --> sirius.plain.co.nz /usr/local/web/www.gamescape.co.nz/htdocs/images mdk21.gif
96.12.05 18:01 B C:\FrontPage Webs\Content\images\mdk17.gif --> sirius.plain.co.nz /usr/local/web/www.gamescape.co.nz/htdocs/images mdk17.gif
96.12.05 18:02 B C:\FrontPage Webs\Content\images\mdk13.gif --> sirius.plain.co.nz /usr/local/web/www.gamescape.co.nz/htdocs/images mdk13.gif
96.12.05 18:02 B C:\FrontPage Webs\Content\images\mdkpic-1.jpg --> sirius.plain.co.nz /usr/local/web/www.gamescape.co.nz/htdocs/images mdkpic-1.jpg
96.12.05 18:02 B C:\FrontPage Webs\Content\images\blocks.gif --> sirius.plain.co.nz /usr/local/web/www.gamescape.co.nz/htdocs/images blocks.gif
96.12.05 18:02 B C:\FrontPage Webs\Content\images\navbar_sm3afrm.gif --> sirius.plain.co.nz /usr/local/web/www.gamescape.co.nz/htdocs/images navbar_sm3afrm.gif
96.12.05 18:02 B C:\FrontPage Webs\Content\images\Burstani.gif --> sirius.plain.co.nz /usr/local/web/www.gamescape.co.nz/htdocs/images Burstani.gif
96.12.05 18:02 B C:\FrontPage Webs\Content\images\gallery.gif --> sirius.plain.co.nz /usr/local/web/www.gamescape.co.nz/htdocs/images gallery.gif
96.12.05 18:03 B C:\FrontPage Webs\Content\images\h-rog.gif --> sirius.plain.co.nz /usr/local/web/www.gamescape.co.nz/htdocs/images h-rog.gif
96.12.05 18:03 B C:\FrontPage Webs\Content\images\h-sor.gif --> sirius.plain.co.nz /usr/local/web/www.gamescape.co.nz/htdocs/images h-sor.gif
96.12.05 18:03 B C:\FrontPage Webs\Content\images\h-war.gif --> sirius.plain.co.nz /usr/local/web/www.gamescape.co.nz/htdocs/images h-war.gif
96.12.05 18:03 B C:\FrontPage Webs\Content\images\library.gif --> sirius.plain.co.nz /usr/local/web/www.gamescape.co.nz/htdocs/images library.gif
96.12.05 18:03 B C:\FrontPage Webs\Content\images\market.gif --> sirius.plain.co.nz /usr/local/web/www.gamescape.co.nz/htdocs/images market.gif
96.12.05 18:03 B C:\FrontPage Webs\Content\images\news.gif --> sirius.plain.co.nz /usr/local/web/www.gamescape.co.nz/htdocs/images news.gif
96.12.05 18:03 B C:\FrontPage Webs\Content\images\p-titles.gif --> sirius.plain.co.nz /usr/local/web/www.gamescape.co.nz/htdocs/images p-titles.gif
96.12.05 18:04 B C:\FrontPage Webs\Content\images\rogue.gif --> sirius.plain.co.nz /usr/local/web/www.gamescape.co.nz/htdocs/images rogue.gif
96.12.05 18:04 B C:\FrontPage Webs\Content\images\sorcerer.gif --> sirius.plain.co.nz /usr/local/web/www.gamescape.co.nz/htdocs/images sorcerer.gif
96.12.05 18:04 B C:\FrontPage Webs\Content\images\support.gif --> sirius.plain.co.nz /usr/local/web/www.gamescape.co.nz/htdocs/images support.gif
96.12.05 18:04 B C:\FrontPage Webs\Content\images\Target.gif --> sirius.plain.co.nz /usr/local/web/www.gamescape.co.nz/htdocs/images Target.gif
96.12.05 18:05 B C:\FrontPage Webs\Content\images\warrior.gif --> sirius.plain.co.nz /usr/local/web/www.gamescape.co.nz/htdocs/images warrior.gif
96.12.05 18:05 B C:\FrontPage Webs\Content\images\wpe92A5.gif --> sirius.plain.co.nz /usr/local/web/www.gamescape.co.nz/htdocs/images wpe92A5.gif
96.12.05 18:06 B C:\FrontPage Webs\Content\images\wpe92A6.gif --> sirius.plain.co.nz /usr/local/web/www.gamescape.co.nz/htdocs/images wpe92A6.gif
96.12.05 18:06 B C:\FrontPage Webs\Content\images\ss2text.gif --> sirius.plain.co.nz /usr/local/web/www.gamescape.co.nz/htdocs/images ss2text.gif
96.12.05 18:06 B C:\FrontPage Webs\Content\images\stgenss1.gif --> sirius.plain.co.nz /usr/local/web/www.gamescape.co.nz/htdocs/images stgenss1.gif
96.12.05 18:06 B C:\FrontPage Webs\Content\images\stgenss10.gif --> sirius.plain.co.nz /usr/local/web/www.gamescape.co.nz/htdocs/images stgenss10.gif
96.12.05 18:06 B C:\FrontPage Webs\Content\images\stgenss11.gif --> sirius.plain.co.nz /usr/local/web/www.gamescape.co.nz/htdocs/images stgenss11.gif
96.12.05 18:07 B C:\FrontPage Webs\Content\images\stgenss2.gif --> sirius.plain.co.nz /usr/local/web/www.gamescape.co.nz/htdocs/images stgenss2.gif
96.12.05 18:07 B C:\FrontPage Webs\Content\images\stgenss3.gif --> sirius.plain.co.nz /usr/local/web/www.gamescape.co.nz/htdocs/images stgenss3.gif
96.12.05 18:07 B C:\FrontPage Webs\Content\images\stgenss4.gif --> sirius.plain.co.nz /usr/local/web/www.gamescape.co.nz/htdocs/images stgenss4.gif
96.12.05 18:07 B C:\FrontPage Webs\Content\images\stgenss5.gif --> sirius.plain.co.nz /usr/local/web/www.gamescape.co.nz/htdocs/images stgenss5.gif
96.12.05 18:07 B C:\FrontPage Webs\Content\images\stgenss6.gif --> sirius.plain.co.nz /usr/local/web/www.gamescape.co.nz/htdocs/images stgenss6.gif
96.12.05 18:07 B C:\FrontPage Webs\Content\images\stgenss7.gif --> sirius.plain.co.nz /usr/local/web/www.gamescape.co.nz/htdocs/images stgenss7.gif
96.12.05 18:08 B C:\FrontPage Webs\Content\images\stgenss8.gif --> sirius.plain.co.nz /usr/local/web/www.gamescape.co.nz/htdocs/images stgenss8.gif
96.12.05 18:08 B C:\FrontPage Webs\Content\images\stgenss9.gif --> sirius.plain.co.nz /usr/local/web/www.gamescape.co.nz/htdocs/images stgenss9.gif
96.12.05 18:08 B C:\FrontPage Webs\Content\images\backwards.gif --> sirius.plain.co.nz /usr/local/web/www.gamescape.co.nz/htdocs/images backwards.gif
96.12.05 18:08 B C:\FrontPage Webs\Content\images\ss10text.gif --> sirius.plain.co.nz /usr/local/web/www.gamescape.co.nz/htdocs/images ss10text.gif
96.12.05 18:08 B C:\FrontPage Webs\Content\images\ss11text.gif --> sirius.plain.co.nz /usr/local/web/www.gamescape.co.nz/htdocs/images ss11text.gif
96.12.05 18:08 B C:\FrontPage Webs\Content\images\ss1text.gif --> sirius.plain.co.nz /usr/local/web/www.gamescape.co.nz/htdocs/images ss1text.gif
96.12.05 18:08 B C:\FrontPage Webs\Content\images\ss3text.gif --> sirius.plain.co.nz /usr/local/web/www.gamescape.co.nz/htdocs/images ss3text.gif
96.12.05 18:08 B C:\FrontPage Webs\Content\images\ss4text.gif --> sirius.plain.co.nz /usr/local/web/www.gamescape.co.nz/htdocs/images ss4text.gif
96.12.05 18:08 B C:\FrontPage Webs\Content\images\ss5text.gif --> sirius.plain.co.nz /usr/local/web/www.gamescape.co.nz/htdocs/images ss5text.gif
96.12.05 18:08 B C:\FrontPage Webs\Content\images\ss6text.gif --> sirius.plain.co.nz /usr/local/web/www.gamescape.co.nz/htdocs/images ss6text.gif
96.12.05 18:08 B C:\FrontPage Webs\Content\images\ss7text.gif --> sirius.plain.co.nz /usr/local/web/www.gamescape.co.nz/htdocs/images ss7text.gif
96.12.05 18:08 B C:\FrontPage Webs\Content\images\ss8text.gif --> sirius.plain.co.nz /usr/local/web/www.gamescape.co.nz/htdocs/images ss8text.gif
96.12.05 18:09 B C:\FrontPage Webs\Content\images\ss9text.gif --> sirius.plain.co.nz /usr/local/web/www.gamescape.co.nz/htdocs/images ss9text.gif
96.12.05 18:09 B C:\FrontPage Webs\Content\images\sshotarrowtop.gif --> sirius.plain.co.nz /usr/local/web/www.gamescape.co.nz/htdocs/images sshotarrowtop.gif
96.12.05 18:09 B C:\FrontPage Webs\Content\images\stgendesnotehead.gif --> sirius.plain.co.nz /usr/local/web/www.gamescape.co.nz/htdocs/images stgendesnotehead.gif
96.12.05 18:09 B C:\FrontPage Webs\Content\images\stgenheadertext3.gif --> sirius.plain.co.nz /usr/local/web/www.gamescape.co.nz/htdocs/images stgenheadertext3.gif
96.12.05 18:09 B C:\FrontPage Webs\Content\images\stgenlogo2.gif --> sirius.plain.co.nz /usr/local/web/www.gamescape.co.nz/htdocs/images stgenlogo2.gif
96.12.05 18:09 B C:\FrontPage Webs\Content\images\stgenmonitor2.gif --> sirius.plain.co.nz /usr/local/web/www.gamescape.co.nz/htdocs/images stgenmonitor2.gif
96.12.05 18:09 B C:\FrontPage Webs\Content\images\stgennavbar.gif --> sirius.plain.co.nz /usr/local/web/www.gamescape.co.nz/htdocs/images stgennavbar.gif
96.12.05 18:09 B C:\FrontPage Webs\Content\images\tile4.gif --> sirius.plain.co.nz /usr/local/web/www.gamescape.co.nz/htdocs/images tile4.gif
96.12.05 18:10 B C:\FrontPage Webs\Content\images\uplevel.gif --> sirius.plain.co.nz /usr/local/web/www.gamescape.co.nz/htdocs/images uplevel.gif
96.12.05 18:10 B C:\FrontPage Webs\Content\images\whatsnew.gif --> sirius.plain.co.nz /usr/local/web/www.gamescape.co.nz/htdocs/images whatsnew.gif
96.12.05 18:10 B C:\FrontPage Webs\Content\images\diablo.jpg --> sirius.plain.co.nz /usr/local/web/www.gamescape.co.nz/htdocs/images diablo.jpg
96.12.05 18:10 B C:\FrontPage Webs\Content\images\pic1.jpg --> sirius.plain.co.nz /usr/local/web/www.gamescape.co.nz/htdocs/images pic1.jpg
96.12.05 18:10 B C:\FrontPage Webs\Content\images\pic2.jpg --> sirius.plain.co.nz /usr/local/web/www.gamescape.co.nz/htdocs/images pic2.jpg
96.12.05 18:10 B C:\FrontPage Webs\Content\images\pic3.jpg --> sirius.plain.co.nz /usr/local/web/www.gamescape.co.nz/htdocs/images pic3.jpg
96.12.05 18:10 B C:\FrontPage Webs\Content\images\pic4.jpg --> sirius.plain.co.nz /usr/local/web/www.gamescape.co.nz/htdocs/images pic4.jpg
96.12.05 18:11 B C:\FrontPage Webs\Content\images\pic5.jpg --> sirius.plain.co.nz /usr/local/web/www.gamescape.co.nz/htdocs/images pic5.jpg
96.12.05 18:11 B C:\FrontPage Webs\Content\images\pic6.jpg --> sirius.plain.co.nz /usr/local/web/www.gamescape.co.nz/htdocs/images pic6.jpg
96.12.05 18:11 B C:\FrontPage Webs\Content\images\pic7.jpg --> sirius.plain.co.nz /usr/local/web/www.gamescape.co.nz/htdocs/images pic7.jpg
96.12.05 18:11 B C:\FrontPage Webs\Content\images\pic8.jpg --> sirius.plain.co.nz /usr/local/web/www.gamescape.co.nz/htdocs/images pic8.jpg
96.12.05 18:11 B C:\FrontPage Webs\Content\images\pic9.jpg --> sirius.plain.co.nz /usr/local/web/www.gamescape.co.nz/htdocs/images pic9.jpg
96.12.05 18:11 B C:\FrontPage Webs\Content\images\navbar1.gif --> sirius.plain.co.nz /usr/local/web/www.gamescape.co.nz/htdocs/images navbar1.gif
96.12.05 18:11 B C:\FrontPage Webs\Content\images\navbar2.gif --> sirius.plain.co.nz /usr/local/web/www.gamescape.co.nz/htdocs/images navbar2.gif
96.12.05 18:11 B C:\FrontPage Webs\Content\images\navbar3.gif --> sirius.plain.co.nz /usr/local/web/www.gamescape.co.nz/htdocs/images navbar3.gif
96.12.05 18:11 B C:\FrontPage Webs\Content\images\navbar4.gif --> sirius.plain.co.nz /usr/local/web/www.gamescape.co.nz/htdocs/images navbar4.gif
96.12.05 18:12 B C:\FrontPage Webs\Content\images\navbar5.gif --> sirius.plain.co.nz /usr/local/web/www.gamescape.co.nz/htdocs/images navbar5.gif
96.12.05 18:12 B C:\FrontPage Webs\Content\images\navbar6.gif --> sirius.plain.co.nz /usr/local/web/www.gamescape.co.nz/htdocs/images navbar6.gif
96.12.05 18:12 B C:\FrontPage Webs\Content\images\stgenship.gif --> sirius.plain.co.nz /usr/local/web/www.gamescape.co.nz/htdocs/images stgenship.gif
96.12.05 18:12 B C:\FrontPage Webs\Content\images\handshake.gif --> sirius.plain.co.nz /usr/local/web/www.gamescape.co.nz/htdocs/images handshake.gif
96.12.05 18:12 B C:\FrontPage Webs\Content\images\finish.gif --> sirius.plain.co.nz /usr/local/web/www.gamescape.co.nz/htdocs/images finish.gif
96.12.05 18:12 B C:\FrontPage Webs\Content\images\continue.gif --> sirius.plain.co.nz /usr/local/web/www.gamescape.co.nz/htdocs/images continue.gif
96.12.05 18:12 B C:\FrontPage Webs\Content\images\deathlogo.gif --> sirius.plain.co.nz /usr/local/web/www.gamescape.co.nz/htdocs/images deathlogo.gif
96.12.05 18:12 B C:\FrontPage Webs\Content\images\Blue.gif --> sirius.plain.co.nz /usr/local/web/www.gamescape.co.nz/htdocs/images Blue.gif
96.12.05 18:12 B C:\FrontPage Webs\Content\images\deathmov2.gif --> sirius.plain.co.nz /usr/local/web/www.gamescape.co.nz/htdocs/images deathmov2.gif
96.12.05 18:12 B C:\FrontPage Webs\Content\images\Manafire.gif --> sirius.plain.co.nz /usr/local/web/www.gamescape.co.nz/htdocs/images Manafire.gif
96.12.05 18:13 B C:\FrontPage Webs\Content\images\deathbox.gif --> sirius.plain.co.nz /usr/local/web/www.gamescape.co.nz/htdocs/images deathbox.gif
96.12.05 18:13 B C:\FrontPage Webs\Content\images\aeonlogo.gif --> sirius.plain.co.nz /usr/local/web/www.gamescape.co.nz/htdocs/images aeonlogo.gif
96.12.05 18:13 B C:\FrontPage Webs\Content\images\description.gif --> sirius.plain.co.nz /usr/local/web/www.gamescape.co.nz/htdocs/images description.gif
96.12.05 18:13 B C:\FrontPage Webs\Content\images\featlist.gif --> sirius.plain.co.nz /usr/local/web/www.gamescape.co.nz/htdocs/images featlist.gif
96.12.05 18:13 B C:\FrontPage Webs\Content\images\screenshot.gif --> sirius.plain.co.nz /usr/local/web/www.gamescape.co.nz/htdocs/images screenshot.gif
96.12.05 18:13 B C:\FrontPage Webs\Content\images\aeonbox.gif --> sirius.plain.co.nz /usr/local/web/www.gamescape.co.nz/htdocs/images aeonbox.gif
96.12.05 18:13 B C:\FrontPage Webs\Content\images\pixela.gif --> sirius.plain.co.nz /usr/local/web/www.gamescape.co.nz/htdocs/images pixela.gif
96.12.05 18:13 B C:\FrontPage Webs\Content\images\cryo.gif --> sirius.plain.co.nz /usr/local/web/www.gamescape.co.nz/htdocs/images cryo.gif
96.12.05 18:13 B C:\FrontPage Webs\Content\images\aeonscreen6.gif --> sirius.plain.co.nz /usr/local/web/www.gamescape.co.nz/htdocs/images aeonscreen6.gif
96.12.05 18:13 B C:\FrontPage Webs\Content\images\aeonscreen5.gif --> sirius.plain.co.nz /usr/local/web/www.gamescape.co.nz/htdocs/images aeonscreen5.gif
96.12.05 18:14 B C:\FrontPage Webs\Content\images\aeonscreen7.gif --> sirius.plain.co.nz /usr/local/web/www.gamescape.co.nz/htdocs/images aeonscreen7.gif
96.12.05 18:14 B C:\FrontPage Webs\Content\images\movie.gif --> sirius.plain.co.nz /usr/local/web/www.gamescape.co.nz/htdocs/images movie.gif
96.12.05 18:14 B C:\FrontPage Webs\Content\images\aeonmov.gif --> sirius.plain.co.nz /usr/local/web/www.gamescape.co.nz/htdocs/images aeonmov.gif
96.12.05 18:14 B C:\FrontPage Webs\Content\images\blipanim.gif --> sirius.plain.co.nz /usr/local/web/www.gamescape.co.nz/htdocs/images blipanim.gif
96.12.05 18:14 B C:\FrontPage Webs\Content\images\doubleline.gif --> sirius.plain.co.nz /usr/local/web/www.gamescape.co.nz/htdocs/images doubleline.gif
96.12.05 18:14 B C:\FrontPage Webs\Content\images\aeonbox_sm.gif --> sirius.plain.co.nz /usr/local/web/www.gamescape.co.nz/htdocs/images aeonbox_sm.gif
96.12.05 18:14 B C:\FrontPage Webs\Content\images\index.gif --> sirius.plain.co.nz /usr/local/web/www.gamescape.co.nz/htdocs/images index.gif
96.12.05 18:14 B C:\FrontPage Webs\Content\images\navbarax.gif --> sirius.plain.co.nz /usr/local/web/www.gamescape.co.nz/htdocs/images navbarax.gif
96.12.05 18:14 B C:\FrontPage Webs\Content\images\navbarb.gif --> sirius.plain.co.nz /usr/local/web/www.gamescape.co.nz/htdocs/images navbarb.gif
96.12.05 18:14 B C:\FrontPage Webs\Content\images\navbarc.gif --> sirius.plain.co.nz /usr/local/web/www.gamescape.co.nz/htdocs/images navbarc.gif
96.12.05 18:14 B C:\FrontPage Webs\Content\images\navbard.gif --> sirius.plain.co.nz /usr/local/web/www.gamescape.co.nz/htdocs/images navbard.gif
96.12.05 18:15 B C:\FrontPage Webs\Content\images\navbare.gif --> sirius.plain.co.nz /usr/local/web/www.gamescape.co.nz/htdocs/images navbare.gif
96.12.05 18:15 B C:\FrontPage Webs\Content\images\navbarf.gif --> sirius.plain.co.nz /usr/local/web/www.gamescape.co.nz/htdocs/images navbarf.gif
96.12.05 18:15 B C:\FrontPage Webs\Content\images\navbarg.gif --> sirius.plain.co.nz /usr/local/web/www.gamescape.co.nz/htdocs/images navbarg.gif
96.12.05 18:15 B C:\FrontPage Webs\Content\images\navbarline.gif --> sirius.plain.co.nz /usr/local/web/www.gamescape.co.nz/htdocs/images navbarline.gif
96.12.05 18:15 B C:\FrontPage Webs\Content\images\arrow2.gif --> sirius.plain.co.nz /usr/local/web/www.gamescape.co.nz/htdocs/images arrow2.gif
96.12.05 18:15 B C:\FrontPage Webs\Content\images\aeonbox_sm2.gif --> sirius.plain.co.nz /usr/local/web/www.gamescape.co.nz/htdocs/images aeonbox_sm2.gif
96.12.05 18:15 B C:\FrontPage Webs\Content\images\gosearch.gif --> sirius.plain.co.nz /usr/local/web/www.gamescape.co.nz/htdocs/images gosearch.gif
96.12.05 18:15 B C:\FrontPage Webs\Content\images\classifieds.gif --> sirius.plain.co.nz /usr/local/web/www.gamescape.co.nz/htdocs/images classifieds.gif
96.12.17 15:59 B D:\FrontPage Webs\Content\images\reload_toolbar.gif --> sirius.plain.co.nz /usr/local/web/www.gamescape.co.nz/htdocs/images reload_toolbar.gif
96.12.17 16:12 B D:\FrontPage Webs\Content\images\reload_toolbar.gif --> sirius.plain.co.nz /usr/local/web/www.gamescape.co.nz/htdocs/images reload_toolbar.gif
96.12.20 00:04 B D:\FrontPage Webs\Content\images\viacom_background.gif --> sirius.plain.co.nz /usr/local/web/www.gamescape.co.nz/htdocs viacom_background.gif
96.12.20 00:40 B D:\FrontPage Webs\Content\images\viacom_background.gif --> sirius.plain.co.nz /usr/local/web/www.gamescape.co.nz/htdocs/images viacom_background.gif
96.12.20 14:13 B D:\FrontPage Webs\Content\images\orc_toolbar.gif --> sirius.plain.co.nz /usr/local/web/www.gamescape.co.nz/htdocs/images orc_toolbar.gif
97.01.30 13:00 B D:\FrontPage Webs\Content\images\nzsearch_com.jpg --> sirius.plain.co.nz /usr/local/web/www.gamescape.co.nz/htdocs/images nzsearch_com.jpg
97.03.26 15:36 B E:\Webshare\Wwwroot\images\hosted_by_cbmll.gif --> sirius.plain.co.nz /usr/local/web/www.gamescape.co.nz/htdocs/images hosted_by_cbmll.gif
97.03.27 20:57 B E:\Webshare\Wwwroot\images\globe_clear.gif --> sirius.plain.co.nz /usr/local/web/www.gamescape.co.nz/htdocs/images globe_clear.gif
97.04.04 15:32 B E:\Webshare\Wwwroot\images\hosted_by_cbmll.gif --> sirius.plain.co.nz /usr/local/web/www.gamescape.co.nz/htdocs/images hosted_by_cbmll.gif
97.04.05 05:17 B E:\Webshare\Wwwroot\images\hosted_by_cbmll.gif --> sirius.plain.co.nz /usr/local/web/www.gamescape.co.nz/htdocs/images hosted_by_cbmll.gif
