97.05.12 16:08 B E:\Webshare\Wwwroot\ordering\secure_server\greatchoice.gif --> www.netaccess.co.nz /d:/netsecure/sslhtdocs/gamescape greatchoice.gif
97.05.12 16:08 B E:\Webshare\Wwwroot\ordering\secure_server\hand_right.gif --> www.netaccess.co.nz /d:/netsecure/sslhtdocs/gamescape hand_right.gif
97.05.12 16:08 B E:\Webshare\Wwwroot\ordering\secure_server\secure-order.htm --> www.netaccess.co.nz /d:/netsecure/sslhtdocs/gamescape secure-order.htm
97.05.12 16:08 B E:\Webshare\Wwwroot\ordering\secure_server\tilesm.gif --> www.netaccess.co.nz /d:/netsecure/sslhtdocs/gamescape tilesm.gif
97.05.12 16:14 B E:\Webshare\Wwwroot\ordering\secure_server\secure-order.asp --> www.netaccess.co.nz /d:/netsecure/sslhtdocs/gamescape secure-order.asp
97.05.12 16:16 B E:\Webshare\Wwwroot\ordering\secure_server\secure-order.asp --> www.netaccess.co.nz /d:/netsecure/sslhtdocs/gamescape secure-order.asp
97.05.12 20:37 B E:\Webshare\Wwwroot\ordering\netsecure-asp\secure-order.asp --> www.netaccess.co.nz /d:/netsecure/sslhtdocs/gamescape secure-order.asp
97.05.12 20:40 B E:\Webshare\Wwwroot\ordering\netsecure-asp\secure-order.asp --> www.netaccess.co.nz /d:/netsecure/sslhtdocs/gamescape secure-order.asp
97.05.12 21:05 B E:\Webshare\Wwwroot\ordering\netsecure-asp\game-choice.asp --> www.netaccess.co.nz /d:/netsecure/sslhtdocs/gamescape game-choice.asp
97.05.12 21:05 B E:\Webshare\Wwwroot\ordering\netsecure-asp\secure-order.asp --> www.netaccess.co.nz /d:/netsecure/sslhtdocs/gamescape secure-order.asp
97.05.12 21:07 B E:\Webshare\Wwwroot\ordering\netsecure-asp\game-choice.asp --> www.netaccess.co.nz /d:/netsecure/sslhtdocs/gamescape game-choice.asp
97.05.12 21:09 B E:\Webshare\Wwwroot\ordering\netsecure-asp\game-choice.asp --> www.netaccess.co.nz /d:/netsecure/sslhtdocs/gamescape game-choice.asp
97.05.12 21:10 B E:\Webshare\Wwwroot\ordering\netsecure-asp\game-choice.asp --> www.netaccess.co.nz /d:/netsecure/sslhtdocs/gamescape game-choice.asp
97.05.12 21:11 B E:\Webshare\Wwwroot\ordering\netsecure-asp\game-choice.asp --> www.netaccess.co.nz /d:/netsecure/sslhtdocs/gamescape game-choice.asp
97.05.12 21:12 B E:\Webshare\Wwwroot\ordering\netsecure-asp\game-choice.asp --> www.netaccess.co.nz /d:/netsecure/sslhtdocs/gamescape game-choice.asp
97.05.12 21:13 B E:\Webshare\Wwwroot\ordering\netsecure-asp\game-choice.asp --> www.netaccess.co.nz /d:/netsecure/sslhtdocs/gamescape game-choice.asp
97.05.12 21:14 B E:\Webshare\Wwwroot\ordering\netsecure-asp\secure-order.asp --> www.netaccess.co.nz /d:/netsecure/sslhtdocs/gamescape secure-order.asp
97.05.12 21:36 B E:\Webshare\Wwwroot\ordering\netsecure-asp\game-choice.asp --> www.netaccess.co.nz /d:/netsecure/sslhtdocs/gamescape game-choice.asp
97.05.12 21:46 B E:\Webshare\Wwwroot\ordering\netsecure-asp\cheque-order.asp --> www.netaccess.co.nz /d:/netsecure/sslhtdocs/gamescape cheque-order.asp
97.05.12 21:46 B E:\Webshare\Wwwroot\ordering\netsecure-asp\compatible-order.asp --> www.netaccess.co.nz /d:/netsecure/sslhtdocs/gamescape compatible-order.asp
97.05.12 21:46 B E:\Webshare\Wwwroot\ordering\netsecure-asp\game-choice.asp --> www.netaccess.co.nz /d:/netsecure/sslhtdocs/gamescape game-choice.asp
97.05.12 21:46 B E:\Webshare\Wwwroot\ordering\netsecure-asp\secure-order.asp --> www.netaccess.co.nz /d:/netsecure/sslhtdocs/gamescape secure-order.asp
97.05.12 21:46 B E:\Webshare\Wwwroot\ordering\netsecure-asp\tbank-order.asp --> www.netaccess.co.nz /d:/netsecure/sslhtdocs/gamescape tbank-order.asp
97.05.12 21:48 B E:\Webshare\Wwwroot\ordering\netsecure-asp\compatible-order.asp --> www.netaccess.co.nz /d:/netsecure/sslhtdocs/gamescape compatible-order.asp
97.05.12 21:50 B E:\Webshare\Wwwroot\ordering\netsecure-asp\tbank-order.asp --> www.netaccess.co.nz /d:/netsecure/sslhtdocs/gamescape tbank-order.asp
97.05.12 21:56 B E:\Webshare\Wwwroot\ordering\netsecure-asp\game-choice.asp --> www.netaccess.co.nz /d:/netsecure/sslhtdocs/gamescape game-choice.asp
97.05.12 21:56 B E:\Webshare\Wwwroot\ordering\netsecure-asp\game-choice.asp --> www.netaccess.co.nz /d:/netsecure/sslhtdocs/gamescape game-choice.asp
97.05.12 21:58 B E:\Webshare\Wwwroot\ordering\netsecure-asp\game-choice.asp --> www.netaccess.co.nz /d:/netsecure/sslhtdocs/gamescape game-choice.asp
97.05.13 18:30 B E:\Webshare\Wwwroot\ordering\netsecure-asp\compatible-order.asp --> www.netaccess.co.nz /d:/netsecure/sslhtdocs/gamescape compatible-order.asp
97.05.13 19:00 B E:\Webshare\Wwwroot\ordering\netsecure-asp\cheque-order.asp --> www.netaccess.co.nz /d:/netsecure/sslhtdocs/gamescape cheque-order.asp
97.05.13 19:00 B E:\Webshare\Wwwroot\ordering\netsecure-asp\compatible-order.asp --> www.netaccess.co.nz /d:/netsecure/sslhtdocs/gamescape compatible-order.asp
97.05.13 19:00 B E:\Webshare\Wwwroot\ordering\netsecure-asp\game-choice.asp --> www.netaccess.co.nz /d:/netsecure/sslhtdocs/gamescape game-choice.asp
97.05.13 19:00 B E:\Webshare\Wwwroot\ordering\netsecure-asp\secure-order.asp --> www.netaccess.co.nz /d:/netsecure/sslhtdocs/gamescape secure-order.asp
97.05.13 19:00 B E:\Webshare\Wwwroot\ordering\netsecure-asp\tbank-order.asp --> www.netaccess.co.nz /d:/netsecure/sslhtdocs/gamescape tbank-order.asp
97.05.13 22:31 B E:\Webshare\Wwwroot\ordering\netsecure-asp\cheque-order.asp --> www.netaccess.co.nz /d:/netsecure/sslhtdocs/gamescape cheque-order.asp
97.05.13 22:31 B E:\Webshare\Wwwroot\ordering\netsecure-asp\compatible-order.asp --> www.netaccess.co.nz /d:/netsecure/sslhtdocs/gamescape compatible-order.asp
97.05.13 22:31 B E:\Webshare\Wwwroot\ordering\netsecure-asp\game-choice.asp --> www.netaccess.co.nz /d:/netsecure/sslhtdocs/gamescape game-choice.asp
97.05.13 22:31 B E:\Webshare\Wwwroot\ordering\netsecure-asp\secure-order.asp --> www.netaccess.co.nz /d:/netsecure/sslhtdocs/gamescape secure-order.asp
97.05.13 22:31 B E:\Webshare\Wwwroot\ordering\netsecure-asp\tbank-order.asp --> www.netaccess.co.nz /d:/netsecure/sslhtdocs/gamescape tbank-order.asp
